[2019-06-23 22:44:23,117 INFO] Loading checkpoint from models/base-fr-en_step_170000.pt
[2019-06-23 22:44:23,359 INFO] Loading vocab from checkpoint at models/base-fr-en_step_170000.pt.
[2019-06-23 22:44:23,360 INFO]  * src vocab size = 16412
[2019-06-23 22:44:23,360 INFO]  * tgt vocab size = 16500
[2019-06-23 22:44:23,360 INFO] Building model...
[2019-06-23 22:44:28,102 INFO] NMTModel(
  (encoder): RNNEncoder(
    (embeddings): Embeddings(
      (make_embedding): Sequential(
        (emb_luts): Elementwise(
          (0): Embedding(16412, 512, padding_idx=1)
        )
      )
    )
    (rnn): LSTM(512, 512, num_layers=2, dropout=0.3, bidirectional=True)
    (bridge): ModuleList(
      (0): Linear(in_features=1024, out_features=1024, bias=True)
      (1): Linear(in_features=1024, out_features=1024, bias=True)
    )
  )
  (decoder): InputFeedRNNDecoder(
    (embeddings): Embeddings(
      (make_embedding): Sequential(
        (emb_luts): Elementwise(
          (0): Embedding(16500, 512, padding_idx=1)
        )
      )
    )
    (dropout): Dropout(p=0.3)
    (rnn): StackedLSTM(
      (dropout): Dropout(p=0.3)
      (layers): ModuleList(
        (0): LSTMCell(1536, 1024)
        (1): LSTMCell(1024, 1024)
      )
    )
    (attn): GlobalAttention(
      (linear_context): Linear(in_features=1024, out_features=1024, bias=False)
      (linear_query): Linear(in_features=1024, out_features=1024, bias=True)
      (v): Linear(in_features=1024, out_features=1, bias=False)
      (linear_out): Linear(in_features=2048, out_features=1024, bias=True)
    )
  )
  (generator): Sequential(
    (0): Linear(in_features=1024, out_features=16500, bias=True)
    (1): Cast()
    (2): LogSoftmax()
  )
)
[2019-06-23 22:44:28,103 INFO] encoder: 21004288
[2019-06-23 22:44:28,103 INFO] decoder: 48448628
[2019-06-23 22:44:28,103 INFO] * number of parameters: 69452916
[2019-06-23 22:44:28,838 INFO] Starting training on GPU: [0]
[2019-06-23 22:44:28,838 INFO] Start training loop and validate every 1000 steps...
[2019-06-23 22:44:28,838 INFO] Loading dataset from ./data/onmt/base-fr-en.tune.train.0.pt
[2019-06-23 22:44:28,949 INFO] number of examples: 16415
[2019-06-23 22:44:48,473 INFO] Step 170050/300000; acc:  54.23; ppl: 10.85; xent: 2.38; lr: 0.00003; 8129/7779 tok/s;     20 sec
[2019-06-23 22:45:07,292 INFO] Step 170100/300000; acc:  56.19; ppl:  9.91; xent: 2.29; lr: 0.00003; 7557/7182 tok/s;     38 sec
[2019-06-23 22:45:25,695 INFO] Loading dataset from ./data/onmt/base-fr-en.tune.train.0.pt
[2019-06-23 22:45:25,845 INFO] number of examples: 16415
[2019-06-23 22:45:26,372 INFO] Step 170150/300000; acc:  56.53; ppl:  9.42; xent: 2.24; lr: 0.00003; 7277/7051 tok/s;     58 sec
[2019-06-23 22:45:46,226 INFO] Step 170200/300000; acc:  58.35; ppl:  8.40; xent: 2.13; lr: 0.00003; 8032/7677 tok/s;     77 sec
[2019-06-23 22:46:05,198 INFO] Step 170250/300000; acc:  58.68; ppl:  8.36; xent: 2.12; lr: 0.00003; 7488/7110 tok/s;     96 sec
[2019-06-23 22:46:23,177 INFO] Loading dataset from ./data/onmt/base-fr-en.tune.train.0.pt
[2019-06-23 22:46:23,308 INFO] number of examples: 16415
[2019-06-23 22:46:24,357 INFO] Step 170300/300000; acc:  58.58; ppl:  8.35; xent: 2.12; lr: 0.00003; 7261/7031 tok/s;    116 sec
[2019-06-23 22:46:43,942 INFO] Step 170350/300000; acc:  60.07; ppl:  7.60; xent: 2.03; lr: 0.00003; 8018/7673 tok/s;    135 sec
[2019-06-23 22:47:02,971 INFO] Step 170400/300000; acc:  60.21; ppl:  7.62; xent: 2.03; lr: 0.00003; 7587/7222 tok/s;    154 sec
[2019-06-23 22:47:20,541 INFO] Loading dataset from ./data/onmt/base-fr-en.tune.train.0.pt
[2019-06-23 22:47:20,746 INFO] number of examples: 16415
[2019-06-23 22:47:22,137 INFO] Step 170450/300000; acc:  59.87; ppl:  7.70; xent: 2.04; lr: 0.00003; 7263/7019 tok/s;    173 sec
[2019-06-23 22:47:41,929 INFO] Step 170500/300000; acc:  61.09; ppl:  7.14; xent: 1.97; lr: 0.00003; 7918/7573 tok/s;    193 sec
[2019-06-23 22:48:00,932 INFO] Step 170550/300000; acc:  61.23; ppl:  7.12; xent: 1.96; lr: 0.00003; 7622/7248 tok/s;    212 sec
[2019-06-23 22:48:18,094 INFO] Loading dataset from ./data/onmt/base-fr-en.tune.train.0.pt
[2019-06-23 22:48:18,226 INFO] number of examples: 16415
[2019-06-23 22:48:20,092 INFO] Step 170600/300000; acc:  60.82; ppl:  7.28; xent: 1.99; lr: 0.00003; 7247/7025 tok/s;    231 sec
[2019-06-23 22:48:39,832 INFO] Step 170650/300000; acc:  62.09; ppl:  6.75; xent: 1.91; lr: 0.00003; 7882/7507 tok/s;    251 sec
[2019-06-23 22:48:58,816 INFO] Step 170700/300000; acc:  62.29; ppl:  6.75; xent: 1.91; lr: 0.00003; 7674/7338 tok/s;    270 sec
[2019-06-23 22:49:15,591 INFO] Loading dataset from ./data/onmt/base-fr-en.tune.train.0.pt
[2019-06-23 22:49:15,716 INFO] number of examples: 16415
[2019-06-23 22:49:18,157 INFO] Step 170750/300000; acc:  61.68; ppl:  6.91; xent: 1.93; lr: 0.00003; 7193/6965 tok/s;    289 sec
[2019-06-23 22:49:37,847 INFO] Step 170800/300000; acc:  62.79; ppl:  6.49; xent: 1.87; lr: 0.00003; 7864/7501 tok/s;    309 sec
[2019-06-23 22:49:57,251 INFO] Step 170850/300000; acc:  62.95; ppl:  6.47; xent: 1.87; lr: 0.00003; 7481/7117 tok/s;    328 sec
[2019-06-23 22:50:13,639 INFO] Loading dataset from ./data/onmt/base-fr-en.tune.train.0.pt
[2019-06-23 22:50:13,778 INFO] number of examples: 16415
[2019-06-23 22:50:16,637 INFO] Step 170900/300000; acc:  62.38; ppl:  6.60; xent: 1.89; lr: 0.00003; 7224/7016 tok/s;    348 sec
[2019-06-23 22:50:36,150 INFO] Step 170950/300000; acc:  63.59; ppl:  6.17; xent: 1.82; lr: 0.00003; 7965/7586 tok/s;    367 sec
[2019-06-23 22:50:55,377 INFO] Step 171000/300000; acc:  63.58; ppl:  6.19; xent: 1.82; lr: 0.00003; 7534/7194 tok/s;    387 sec
[2019-06-23 22:50:55,378 INFO] Loading dataset from ./data/onmt/base-fr-en.tune.valid.0.pt
[2019-06-23 22:50:55,386 INFO] number of examples: 886
[2019-06-23 22:54:41,581 INFO] Loading checkpoint from models/base-fr-en_step_170000.pt
[2019-06-23 22:54:41,833 INFO] Loading vocab from checkpoint at models/base-fr-en_step_170000.pt.
[2019-06-23 22:54:41,833 INFO]  * src vocab size = 16412
[2019-06-23 22:54:41,834 INFO]  * tgt vocab size = 16500
[2019-06-23 22:54:41,834 INFO] Building model...
[2019-06-23 22:54:44,640 INFO] NMTModel(
  (encoder): RNNEncoder(
    (embeddings): Embeddings(
      (make_embedding): Sequential(
        (emb_luts): Elementwise(
          (0): Embedding(16412, 512, padding_idx=1)
        )
      )
    )
    (rnn): LSTM(512, 512, num_layers=2, dropout=0.3, bidirectional=True)
    (bridge): ModuleList(
      (0): Linear(in_features=1024, out_features=1024, bias=True)
      (1): Linear(in_features=1024, out_features=1024, bias=True)
    )
  )
  (decoder): InputFeedRNNDecoder(
    (embeddings): Embeddings(
      (make_embedding): Sequential(
        (emb_luts): Elementwise(
          (0): Embedding(16500, 512, padding_idx=1)
        )
      )
    )
    (dropout): Dropout(p=0.3)
    (rnn): StackedLSTM(
      (dropout): Dropout(p=0.3)
      (layers): ModuleList(
        (0): LSTMCell(1536, 1024)
        (1): LSTMCell(1024, 1024)
      )
    )
    (attn): GlobalAttention(
      (linear_context): Linear(in_features=1024, out_features=1024, bias=False)
      (linear_query): Linear(in_features=1024, out_features=1024, bias=True)
      (v): Linear(in_features=1024, out_features=1, bias=False)
      (linear_out): Linear(in_features=2048, out_features=1024, bias=True)
    )
  )
  (generator): Sequential(
    (0): Linear(in_features=1024, out_features=16500, bias=True)
    (1): Cast()
    (2): LogSoftmax()
  )
)
[2019-06-23 22:54:44,640 INFO] encoder: 21004288
[2019-06-23 22:54:44,640 INFO] decoder: 48448628
[2019-06-23 22:54:44,640 INFO] * number of parameters: 69452916
[2019-06-23 22:54:45,049 INFO] Starting training on GPU: [0]
[2019-06-23 22:54:45,049 INFO] Start training loop and validate every 50 steps...
[2019-06-23 22:54:45,049 INFO] Loading dataset from ./data/onmt/base-fr-en.tune.train.0.pt
[2019-06-23 22:54:45,157 INFO] number of examples: 16415
[2019-06-23 22:55:04,894 INFO] Step 170050/300000; acc:  54.23; ppl: 10.85; xent: 2.38; lr: 0.00003; 8044/7697 tok/s;     20 sec
[2019-06-23 22:55:04,894 INFO] Loading dataset from ./data/onmt/base-fr-en.tune.valid.0.pt
[2019-06-23 22:55:04,904 INFO] number of examples: 886
[2019-06-23 22:55:49,155 INFO] Validation perplexity: 28.3121
[2019-06-23 22:55:49,155 INFO] Validation accuracy: 44.6027
[2019-06-23 22:55:49,155 INFO] Model is improving ppl: inf --> 28.3121.
[2019-06-23 22:55:49,155 INFO] Model is improving acc: -inf --> 44.6027.
[2019-06-23 22:55:49,220 INFO] Saving checkpoint models/base-fr-en.tune_step_170050.pt
[2019-06-23 22:56:40,280 INFO] Loading checkpoint from models/base-fr-en_step_170000.pt
[2019-06-23 22:56:40,509 INFO] Loading vocab from checkpoint at models/base-fr-en_step_170000.pt.
[2019-06-23 22:56:40,510 INFO]  * src vocab size = 16412
[2019-06-23 22:56:40,510 INFO]  * tgt vocab size = 16500
[2019-06-23 22:56:40,510 INFO] Building model...
[2019-06-23 22:56:43,306 INFO] NMTModel(
  (encoder): RNNEncoder(
    (embeddings): Embeddings(
      (make_embedding): Sequential(
        (emb_luts): Elementwise(
          (0): Embedding(16412, 512, padding_idx=1)
        )
      )
    )
    (rnn): LSTM(512, 512, num_layers=2, dropout=0.3, bidirectional=True)
    (bridge): ModuleList(
      (0): Linear(in_features=1024, out_features=1024, bias=True)
      (1): Linear(in_features=1024, out_features=1024, bias=True)
    )
  )
  (decoder): InputFeedRNNDecoder(
    (embeddings): Embeddings(
      (make_embedding): Sequential(
        (emb_luts): Elementwise(
          (0): Embedding(16500, 512, padding_idx=1)
        )
      )
    )
    (dropout): Dropout(p=0.3)
    (rnn): StackedLSTM(
      (dropout): Dropout(p=0.3)
      (layers): ModuleList(
        (0): LSTMCell(1536, 1024)
        (1): LSTMCell(1024, 1024)
      )
    )
    (attn): GlobalAttention(
      (linear_context): Linear(in_features=1024, out_features=1024, bias=False)
      (linear_query): Linear(in_features=1024, out_features=1024, bias=True)
      (v): Linear(in_features=1024, out_features=1, bias=False)
      (linear_out): Linear(in_features=2048, out_features=1024, bias=True)
    )
  )
  (generator): Sequential(
    (0): Linear(in_features=1024, out_features=16500, bias=True)
    (1): Cast()
    (2): LogSoftmax()
  )
)
[2019-06-23 22:56:43,307 INFO] encoder: 21004288
[2019-06-23 22:56:43,307 INFO] decoder: 48448628
[2019-06-23 22:56:43,307 INFO] * number of parameters: 69452916
[2019-06-23 22:56:43,713 INFO] Starting training on GPU: [0]
[2019-06-23 22:56:43,714 INFO] Start training loop and validate every 1000 steps...
[2019-06-23 22:56:43,714 INFO] Loading dataset from ./data/onmt/base-fr-en.tune.train.0.pt
[2019-06-23 22:56:43,822 INFO] number of examples: 16415
[2019-06-23 22:57:03,774 INFO] Step 170050/300000; acc:  54.23; ppl: 10.85; xent: 2.38; lr: 0.00003; 7957/7615 tok/s;     20 sec
[2019-06-23 22:57:23,004 INFO] Step 170100/300000; acc:  56.19; ppl:  9.91; xent: 2.29; lr: 0.00003; 7395/7028 tok/s;     39 sec
[2019-06-23 22:57:41,519 INFO] Loading dataset from ./data/onmt/base-fr-en.tune.train.0.pt
[2019-06-23 22:57:41,660 INFO] number of examples: 16415
[2019-06-23 22:57:42,172 INFO] Step 170150/300000; acc:  56.53; ppl:  9.42; xent: 2.24; lr: 0.00003; 7244/7018 tok/s;     58 sec
[2019-06-23 22:58:01,935 INFO] Step 170200/300000; acc:  58.35; ppl:  8.40; xent: 2.13; lr: 0.00003; 8069/7712 tok/s;     78 sec
[2019-06-23 22:58:20,951 INFO] Step 170250/300000; acc:  58.68; ppl:  8.36; xent: 2.12; lr: 0.00003; 7471/7094 tok/s;     97 sec
[2019-06-23 22:58:39,028 INFO] Loading dataset from ./data/onmt/base-fr-en.tune.train.0.pt
[2019-06-23 22:58:39,158 INFO] number of examples: 16415
[2019-06-23 22:58:40,213 INFO] Step 170300/300000; acc:  58.58; ppl:  8.35; xent: 2.12; lr: 0.00003; 7222/6994 tok/s;    116 sec
[2019-06-23 22:58:59,871 INFO] Step 170350/300000; acc:  60.07; ppl:  7.60; xent: 2.03; lr: 0.00003; 7988/7645 tok/s;    136 sec
[2019-06-23 22:59:18,956 INFO] Step 170400/300000; acc:  60.21; ppl:  7.62; xent: 2.03; lr: 0.00003; 7565/7201 tok/s;    155 sec
[2019-06-23 22:59:36,604 INFO] Loading dataset from ./data/onmt/base-fr-en.tune.train.0.pt
[2019-06-23 22:59:36,794 INFO] number of examples: 16415
[2019-06-23 22:59:38,165 INFO] Step 170450/300000; acc:  59.87; ppl:  7.70; xent: 2.04; lr: 0.00003; 7247/7003 tok/s;    174 sec
[2019-06-23 22:59:57,992 INFO] Step 170500/300000; acc:  61.09; ppl:  7.14; xent: 1.97; lr: 0.00003; 7904/7560 tok/s;    194 sec
[2019-06-23 23:00:17,063 INFO] Step 170550/300000; acc:  61.23; ppl:  7.12; xent: 1.96; lr: 0.00003; 7595/7223 tok/s;    213 sec
[2019-06-23 23:00:34,279 INFO] Loading dataset from ./data/onmt/base-fr-en.tune.train.0.pt
[2019-06-23 23:00:34,409 INFO] number of examples: 16415
[2019-06-23 23:00:36,297 INFO] Step 170600/300000; acc:  60.82; ppl:  7.28; xent: 1.99; lr: 0.00003; 7218/6997 tok/s;    233 sec
[2019-06-23 23:00:56,092 INFO] Step 170650/300000; acc:  62.09; ppl:  6.75; xent: 1.91; lr: 0.00003; 7860/7486 tok/s;    252 sec
[2019-06-23 23:01:15,101 INFO] Step 170700/300000; acc:  62.29; ppl:  6.75; xent: 1.91; lr: 0.00003; 7664/7329 tok/s;    271 sec
[2019-06-23 23:01:31,900 INFO] Loading dataset from ./data/onmt/base-fr-en.tune.train.0.pt
[2019-06-23 23:01:32,026 INFO] number of examples: 16415
[2019-06-23 23:01:34,475 INFO] Step 170750/300000; acc:  61.68; ppl:  6.91; xent: 1.93; lr: 0.00003; 7180/6953 tok/s;    291 sec
[2019-06-23 23:01:54,187 INFO] Step 170800/300000; acc:  62.79; ppl:  6.49; xent: 1.87; lr: 0.00003; 7855/7493 tok/s;    310 sec
[2019-06-23 23:02:13,220 INFO] Step 170850/300000; acc:  62.95; ppl:  6.47; xent: 1.87; lr: 0.00003; 7627/7256 tok/s;    330 sec
[2019-06-23 23:02:29,630 INFO] Loading dataset from ./data/onmt/base-fr-en.tune.train.0.pt
[2019-06-23 23:02:29,769 INFO] number of examples: 16415
[2019-06-23 23:02:32,627 INFO] Step 170900/300000; acc:  62.38; ppl:  6.60; xent: 1.89; lr: 0.00003; 7216/7008 tok/s;    349 sec
[2019-06-23 23:02:52,190 INFO] Step 170950/300000; acc:  63.59; ppl:  6.17; xent: 1.82; lr: 0.00003; 7945/7567 tok/s;    368 sec
[2019-06-23 23:03:11,198 INFO] Step 171000/300000; acc:  63.58; ppl:  6.19; xent: 1.82; lr: 0.00003; 7621/7276 tok/s;    387 sec
[2019-06-23 23:03:11,199 INFO] Loading dataset from ./data/onmt/base-fr-en.tune.valid.0.pt
[2019-06-23 23:03:11,207 INFO] number of examples: 886
[2019-06-23 23:03:55,582 INFO] Validation perplexity: 20.5658
[2019-06-23 23:03:55,583 INFO] Validation accuracy: 48.7175
[2019-06-23 23:03:55,583 INFO] Model is improving ppl: inf --> 20.5658.
[2019-06-23 23:03:55,583 INFO] Model is improving acc: -inf --> 48.7175.
[2019-06-23 23:03:55,648 INFO] Saving checkpoint models/base-fr-en.tune_step_171000.pt
[2019-06-23 23:04:12,348 INFO] Loading dataset from ./data/onmt/base-fr-en.tune.train.0.pt
[2019-06-23 23:04:12,476 INFO] number of examples: 16415
[2019-06-23 23:04:15,802 INFO] Step 171050/300000; acc:  62.74; ppl:  6.44; xent: 1.86; lr: 0.00003; 2143/2073 tok/s;    452 sec
[2019-06-23 23:04:35,480 INFO] Step 171100/300000; acc:  64.31; ppl:  5.93; xent: 1.78; lr: 0.00003; 8001/7622 tok/s;    472 sec
[2019-06-23 23:04:54,548 INFO] Step 171150/300000; acc:  64.24; ppl:  5.97; xent: 1.79; lr: 0.00003; 7530/7202 tok/s;    491 sec
[2019-06-23 23:05:10,190 INFO] Loading dataset from ./data/onmt/base-fr-en.tune.train.0.pt
[2019-06-23 23:05:10,332 INFO] number of examples: 16415
[2019-06-23 23:05:14,041 INFO] Step 171200/300000; acc:  63.57; ppl:  6.17; xent: 1.82; lr: 0.00003; 7162/6932 tok/s;    510 sec
[2019-06-23 23:05:33,871 INFO] Step 171250/300000; acc:  64.76; ppl:  5.77; xent: 1.75; lr: 0.00003; 7929/7536 tok/s;    530 sec
[2019-06-23 23:05:52,783 INFO] Step 171300/300000; acc:  64.84; ppl:  5.77; xent: 1.75; lr: 0.00003; 7551/7259 tok/s;    549 sec
[2019-06-23 23:06:08,263 INFO] Loading dataset from ./data/onmt/base-fr-en.tune.train.0.pt
[2019-06-23 23:06:08,394 INFO] number of examples: 16415
[2019-06-23 23:06:12,436 INFO] Step 171350/300000; acc:  64.09; ppl:  5.99; xent: 1.79; lr: 0.00003; 7157/6889 tok/s;    569 sec
[2019-06-23 23:06:32,233 INFO] Step 171400/300000; acc:  65.27; ppl:  5.58; xent: 1.72; lr: 0.00003; 7926/7563 tok/s;    589 sec
[2019-06-23 23:06:51,052 INFO] Step 171450/300000; acc:  65.21; ppl:  5.63; xent: 1.73; lr: 0.00003; 7461/7158 tok/s;    607 sec
[2019-06-23 23:07:06,221 INFO] Loading dataset from ./data/onmt/base-fr-en.tune.train.0.pt
[2019-06-23 23:07:06,418 INFO] number of examples: 16415
[2019-06-23 23:07:10,685 INFO] Step 171500/300000; acc:  64.69; ppl:  5.78; xent: 1.76; lr: 0.00003; 7223/6973 tok/s;    627 sec
[2019-06-23 23:07:30,638 INFO] Step 171550/300000; acc:  65.69; ppl:  5.44; xent: 1.69; lr: 0.00003; 7943/7550 tok/s;    647 sec
[2019-06-23 23:07:49,471 INFO] Step 171600/300000; acc:  65.45; ppl:  5.54; xent: 1.71; lr: 0.00003; 7311/7045 tok/s;    666 sec
[2019-06-23 23:08:04,479 INFO] Loading dataset from ./data/onmt/base-fr-en.tune.train.0.pt
[2019-06-23 23:08:04,617 INFO] number of examples: 16415
[2019-06-23 23:08:09,384 INFO] Step 171650/300000; acc:  65.02; ppl:  5.65; xent: 1.73; lr: 0.00003; 7214/6929 tok/s;    686 sec
[2019-06-23 23:08:29,304 INFO] Step 171700/300000; acc:  66.32; ppl:  5.27; xent: 1.66; lr: 0.00003; 8000/7617 tok/s;    706 sec
[2019-06-23 23:08:47,914 INFO] Step 171750/300000; acc:  65.75; ppl:  5.44; xent: 1.69; lr: 0.00003; 7253/6980 tok/s;    724 sec
[2019-06-23 23:09:02,464 INFO] Loading dataset from ./data/onmt/base-fr-en.tune.train.0.pt
[2019-06-23 23:09:02,591 INFO] number of examples: 16415
[2019-06-23 23:09:07,780 INFO] Step 171800/300000; acc:  65.45; ppl:  5.50; xent: 1.70; lr: 0.00003; 7339/7075 tok/s;    744 sec
[2019-06-23 23:09:27,517 INFO] Step 171850/300000; acc:  66.70; ppl:  5.14; xent: 1.64; lr: 0.00003; 7950/7551 tok/s;    764 sec
[2019-06-23 23:09:46,190 INFO] Step 171900/300000; acc:  66.10; ppl:  5.35; xent: 1.68; lr: 0.00003; 7231/6969 tok/s;    782 sec
[2019-06-23 23:10:00,394 INFO] Loading dataset from ./data/onmt/base-fr-en.tune.train.0.pt
[2019-06-23 23:10:00,538 INFO] number of examples: 16415
[2019-06-23 23:10:06,068 INFO] Step 171950/300000; acc:  65.96; ppl:  5.31; xent: 1.67; lr: 0.00003; 7486/7205 tok/s;    802 sec
[2019-06-23 23:10:25,607 INFO] Step 172000/300000; acc:  66.93; ppl:  5.05; xent: 1.62; lr: 0.00003; 8013/7603 tok/s;    822 sec
[2019-06-23 23:10:25,608 INFO] Loading dataset from ./data/onmt/base-fr-en.tune.valid.0.pt
[2019-06-23 23:10:25,616 INFO] number of examples: 886
[2019-06-23 23:11:09,756 INFO] Validation perplexity: 18.2123
[2019-06-23 23:11:09,756 INFO] Validation accuracy: 50.2513
[2019-06-23 23:11:09,757 INFO] Model is improving ppl: 20.5658 --> 18.2123.
[2019-06-23 23:11:09,757 INFO] Model is improving acc: 48.7175 --> 50.2513.
[2019-06-23 23:11:09,821 INFO] Saving checkpoint models/base-fr-en.tune_step_172000.pt
[2019-06-23 23:11:29,305 INFO] Step 172050/300000; acc:  66.53; ppl:  5.21; xent: 1.65; lr: 0.00003; 2120/2047 tok/s;    886 sec
[2019-06-23 23:11:43,660 INFO] Loading dataset from ./data/onmt/base-fr-en.tune.train.0.pt
[2019-06-23 23:11:43,842 INFO] number of examples: 16415
[2019-06-23 23:11:50,040 INFO] Step 172100/300000; acc:  66.38; ppl:  5.18; xent: 1.65; lr: 0.00003; 7160/6897 tok/s;    906 sec
[2019-06-23 23:12:10,567 INFO] Step 172150/300000; acc:  67.33; ppl:  4.94; xent: 1.60; lr: 0.00003; 7659/7250 tok/s;    927 sec
[2019-06-23 23:12:30,114 INFO] Step 172200/300000; acc:  66.69; ppl:  5.13; xent: 1.63; lr: 0.00003; 6868/6641 tok/s;    946 sec
[2019-06-23 23:12:43,473 INFO] Loading dataset from ./data/onmt/base-fr-en.tune.train.0.pt
[2019-06-23 23:12:43,618 INFO] number of examples: 16415
[2019-06-23 23:12:49,665 INFO] Step 172250/300000; acc:  66.81; ppl:  5.07; xent: 1.62; lr: 0.00003; 7479/7220 tok/s;    966 sec
[2019-06-23 23:13:09,957 INFO] Step 172300/300000; acc:  67.64; ppl:  4.84; xent: 1.58; lr: 0.00003; 7836/7404 tok/s;    986 sec
[2019-06-23 23:13:28,890 INFO] Step 172350/300000; acc:  67.05; ppl:  4.99; xent: 1.61; lr: 0.00003; 7143/6909 tok/s;   1005 sec
[2019-06-23 23:13:41,776 INFO] Loading dataset from ./data/onmt/base-fr-en.tune.train.0.pt
[2019-06-23 23:13:41,910 INFO] number of examples: 16415
[2019-06-23 23:13:48,254 INFO] Step 172400/300000; acc:  66.99; ppl:  5.02; xent: 1.61; lr: 0.00003; 7475/7209 tok/s;   1025 sec
[2019-06-23 23:14:08,254 INFO] Step 172450/300000; acc:  67.91; ppl:  4.75; xent: 1.56; lr: 0.00003; 8035/7581 tok/s;   1045 sec
[2019-06-23 23:14:27,292 INFO] Step 172500/300000; acc:  67.64; ppl:  4.87; xent: 1.58; lr: 0.00003; 7109/6883 tok/s;   1064 sec
[2019-06-23 23:14:39,749 INFO] Loading dataset from ./data/onmt/base-fr-en.tune.train.0.pt
[2019-06-23 23:14:39,938 INFO] number of examples: 16415
[2019-06-23 23:14:46,936 INFO] Step 172550/300000; acc:  67.31; ppl:  4.93; xent: 1.60; lr: 0.00003; 7346/7090 tok/s;   1083 sec
[2019-06-23 23:15:07,086 INFO] Step 172600/300000; acc:  68.33; ppl:  4.67; xent: 1.54; lr: 0.00003; 7991/7533 tok/s;   1103 sec
[2019-06-23 23:15:25,916 INFO] Step 172650/300000; acc:  67.76; ppl:  4.79; xent: 1.57; lr: 0.00003; 7079/6893 tok/s;   1122 sec
[2019-06-23 23:15:37,973 INFO] Loading dataset from ./data/onmt/base-fr-en.tune.train.0.pt
[2019-06-23 23:15:38,109 INFO] number of examples: 16415
[2019-06-23 23:15:45,443 INFO] Step 172700/300000; acc:  67.68; ppl:  4.82; xent: 1.57; lr: 0.00003; 7467/7174 tok/s;   1142 sec
[2019-06-23 23:16:05,396 INFO] Step 172750/300000; acc:  68.47; ppl:  4.59; xent: 1.52; lr: 0.00003; 8021/7562 tok/s;   1162 sec
[2019-06-23 23:16:24,090 INFO] Step 172800/300000; acc:  68.00; ppl:  4.72; xent: 1.55; lr: 0.00003; 7142/6948 tok/s;   1180 sec
[2019-06-23 23:16:35,806 INFO] Loading dataset from ./data/onmt/base-fr-en.tune.train.0.pt
[2019-06-23 23:16:35,935 INFO] number of examples: 16415
[2019-06-23 23:16:43,631 INFO] Step 172850/300000; acc:  68.09; ppl:  4.69; xent: 1.54; lr: 0.00003; 7524/7233 tok/s;   1200 sec
[2019-06-23 23:17:03,515 INFO] Step 172900/300000; acc:  68.69; ppl:  4.53; xent: 1.51; lr: 0.00003; 7978/7551 tok/s;   1220 sec
[2019-06-23 23:17:22,331 INFO] Step 172950/300000; acc:  68.30; ppl:  4.64; xent: 1.54; lr: 0.00003; 7122/6898 tok/s;   1239 sec
[2019-06-23 23:17:33,669 INFO] Loading dataset from ./data/onmt/base-fr-en.tune.train.0.pt
[2019-06-23 23:17:33,812 INFO] number of examples: 16415
[2019-06-23 23:17:41,861 INFO] Step 173000/300000; acc:  68.56; ppl:  4.58; xent: 1.52; lr: 0.00003; 7585/7289 tok/s;   1258 sec
[2019-06-23 23:17:41,862 INFO] Loading dataset from ./data/onmt/base-fr-en.tune.valid.0.pt
[2019-06-23 23:17:41,871 INFO] number of examples: 886
[2019-06-23 23:18:26,094 INFO] Validation perplexity: 17.5064
[2019-06-23 23:18:26,094 INFO] Validation accuracy: 50.6522
[2019-06-23 23:18:26,095 INFO] Model is improving ppl: 18.2123 --> 17.5064.
[2019-06-23 23:18:26,095 INFO] Model is improving acc: 50.2513 --> 50.6522.
[2019-06-23 23:18:26,160 INFO] Saving checkpoint models/base-fr-en.tune_step_173000.pt
[2019-06-23 23:18:47,135 INFO] Step 173050/300000; acc:  69.00; ppl:  4.48; xent: 1.50; lr: 0.00003; 2420/2292 tok/s;   1323 sec
[2019-06-23 23:19:06,286 INFO] Step 173100/300000; acc:  68.71; ppl:  4.53; xent: 1.51; lr: 0.00003; 7022/6793 tok/s;   1343 sec
[2019-06-23 23:19:17,815 INFO] Loading dataset from ./data/onmt/base-fr-en.tune.train.0.pt
[2019-06-23 23:19:17,952 INFO] number of examples: 16415
[2019-06-23 23:19:26,819 INFO] Step 173150/300000; acc:  68.70; ppl:  4.53; xent: 1.51; lr: 0.00003; 7222/6946 tok/s;   1363 sec
[2019-06-23 23:19:47,448 INFO] Step 173200/300000; acc:  69.29; ppl:  4.38; xent: 1.48; lr: 0.00003; 7634/7244 tok/s;   1384 sec
[2019-06-23 23:20:06,261 INFO] Step 173250/300000; acc:  69.01; ppl:  4.48; xent: 1.50; lr: 0.00003; 7010/6794 tok/s;   1403 sec
[2019-06-23 23:20:17,616 INFO] Loading dataset from ./data/onmt/base-fr-en.tune.train.0.pt
[2019-06-23 23:20:17,806 INFO] number of examples: 16415
[2019-06-23 23:20:27,166 INFO] Step 173300/300000; acc:  69.04; ppl:  4.45; xent: 1.49; lr: 0.00003; 7223/6941 tok/s;   1423 sec
[2019-06-23 23:20:47,802 INFO] Step 173350/300000; acc:  69.55; ppl:  4.31; xent: 1.46; lr: 0.00003; 7642/7245 tok/s;   1444 sec
[2019-06-23 23:21:06,295 INFO] Step 173400/300000; acc:  69.10; ppl:  4.45; xent: 1.49; lr: 0.00003; 6971/6757 tok/s;   1463 sec
[2019-06-23 23:21:16,873 INFO] Loading dataset from ./data/onmt/base-fr-en.tune.train.0.pt
[2019-06-23 23:21:17,016 INFO] number of examples: 16415
[2019-06-23 23:21:26,558 INFO] Step 173450/300000; acc:  69.33; ppl:  4.35; xent: 1.47; lr: 0.00003; 7605/7298 tok/s;   1483 sec
[2019-06-23 23:21:46,356 INFO] Step 173500/300000; acc:  70.05; ppl:  4.24; xent: 1.44; lr: 0.00003; 7965/7548 tok/s;   1503 sec
[2019-06-23 23:22:04,731 INFO] Step 173550/300000; acc:  69.26; ppl:  4.38; xent: 1.48; lr: 0.00003; 6970/6772 tok/s;   1521 sec
[2019-06-23 23:22:14,796 INFO] Loading dataset from ./data/onmt/base-fr-en.tune.train.0.pt
[2019-06-23 23:22:14,983 INFO] number of examples: 16415
[2019-06-23 23:22:24,881 INFO] Step 173600/300000; acc:  69.77; ppl:  4.27; xent: 1.45; lr: 0.00003; 7694/7362 tok/s;   1541 sec
[2019-06-23 23:22:44,739 INFO] Step 173650/300000; acc:  70.02; ppl:  4.21; xent: 1.44; lr: 0.00003; 7942/7526 tok/s;   1561 sec
[2019-06-23 23:23:02,925 INFO] Step 173700/300000; acc:  69.66; ppl:  4.31; xent: 1.46; lr: 0.00003; 7029/6857 tok/s;   1579 sec
[2019-06-23 23:23:12,636 INFO] Loading dataset from ./data/onmt/base-fr-en.tune.train.0.pt
[2019-06-23 23:23:12,770 INFO] number of examples: 16415
[2019-06-23 23:23:22,979 INFO] Step 173750/300000; acc:  70.00; ppl:  4.21; xent: 1.44; lr: 0.00003; 7638/7287 tok/s;   1599 sec
[2019-06-23 23:23:42,775 INFO] Step 173800/300000; acc:  70.48; ppl:  4.10; xent: 1.41; lr: 0.00003; 8058/7641 tok/s;   1619 sec
[2019-06-23 23:24:01,002 INFO] Step 173850/300000; acc:  69.88; ppl:  4.27; xent: 1.45; lr: 0.00003; 6991/6847 tok/s;   1637 sec
[2019-06-23 23:24:10,418 INFO] Loading dataset from ./data/onmt/base-fr-en.tune.train.0.pt
[2019-06-23 23:24:10,546 INFO] number of examples: 16415
[2019-06-23 23:24:21,164 INFO] Step 173900/300000; acc:  70.36; ppl:  4.14; xent: 1.42; lr: 0.00003; 7603/7252 tok/s;   1657 sec
[2019-06-23 23:24:40,895 INFO] Step 173950/300000; acc:  70.80; ppl:  4.05; xent: 1.40; lr: 0.00003; 7933/7518 tok/s;   1677 sec
[2019-06-23 23:24:59,187 INFO] Step 174000/300000; acc:  70.15; ppl:  4.17; xent: 1.43; lr: 0.00003; 7152/6973 tok/s;   1695 sec
[2019-06-23 23:24:59,187 INFO] Loading dataset from ./data/onmt/base-fr-en.tune.valid.0.pt
[2019-06-23 23:24:59,196 INFO] number of examples: 886
[2019-06-23 23:25:43,266 INFO] Validation perplexity: 16.9721
[2019-06-23 23:25:43,266 INFO] Validation accuracy: 51.0272
[2019-06-23 23:25:43,266 INFO] Model is improving ppl: 17.5064 --> 16.9721.
[2019-06-23 23:25:43,266 INFO] Model is improving acc: 50.6522 --> 51.0272.
[2019-06-23 23:25:43,332 INFO] Saving checkpoint models/base-fr-en.tune_step_174000.pt
[2019-06-23 23:25:52,970 INFO] Loading dataset from ./data/onmt/base-fr-en.tune.train.0.pt
[2019-06-23 23:25:53,113 INFO] number of examples: 16415
[2019-06-23 23:26:04,150 INFO] Step 174050/300000; acc:  70.50; ppl:  4.12; xent: 1.42; lr: 0.00003; 2360/2254 tok/s;   1760 sec
[2019-06-23 23:26:23,660 INFO] Step 174100/300000; acc:  70.91; ppl:  3.99; xent: 1.38; lr: 0.00003; 7941/7553 tok/s;   1780 sec
[2019-06-23 23:26:42,219 INFO] Step 174150/300000; acc:  70.35; ppl:  4.13; xent: 1.42; lr: 0.00003; 7140/6924 tok/s;   1799 sec
[2019-06-23 23:26:50,757 INFO] Loading dataset from ./data/onmt/base-fr-en.tune.train.0.pt
[2019-06-23 23:26:50,886 INFO] number of examples: 16415
[2019-06-23 23:27:02,450 INFO] Step 174200/300000; acc:  70.74; ppl:  4.05; xent: 1.40; lr: 0.00003; 7522/7167 tok/s;   1819 sec
[2019-06-23 23:27:21,902 INFO] Step 174250/300000; acc:  71.17; ppl:  3.94; xent: 1.37; lr: 0.00003; 7916/7546 tok/s;   1838 sec
[2019-06-23 23:27:40,603 INFO] Step 174300/300000; acc:  70.53; ppl:  4.09; xent: 1.41; lr: 0.00003; 7159/6950 tok/s;   1857 sec
[2019-06-23 23:27:48,650 INFO] Loading dataset from ./data/onmt/base-fr-en.tune.train.0.pt
[2019-06-23 23:27:48,795 INFO] number of examples: 16415
[2019-06-23 23:28:00,633 INFO] Step 174350/300000; acc:  71.04; ppl:  3.98; xent: 1.38; lr: 0.00003; 7621/7272 tok/s;   1877 sec
[2019-06-23 23:28:20,034 INFO] Step 174400/300000; acc:  71.49; ppl:  3.90; xent: 1.36; lr: 0.00003; 7859/7463 tok/s;   1896 sec
[2019-06-23 23:28:38,946 INFO] Step 174450/300000; acc:  70.86; ppl:  4.02; xent: 1.39; lr: 0.00003; 7155/6948 tok/s;   1915 sec
[2019-06-23 23:28:46,462 INFO] Loading dataset from ./data/onmt/base-fr-en.tune.train.0.pt
[2019-06-23 23:28:46,595 INFO] number of examples: 16415
[2019-06-23 23:28:58,788 INFO] Step 174500/300000; acc:  71.33; ppl:  3.92; xent: 1.37; lr: 0.00003; 7705/7355 tok/s;   1935 sec
[2019-06-23 23:29:18,138 INFO] Step 174550/300000; acc:  71.48; ppl:  3.88; xent: 1.36; lr: 0.00003; 7694/7335 tok/s;   1954 sec
[2019-06-23 23:29:37,045 INFO] Step 174600/300000; acc:  71.00; ppl:  3.97; xent: 1.38; lr: 0.00003; 7172/6953 tok/s;   1973 sec
[2019-06-23 23:29:44,235 INFO] Loading dataset from ./data/onmt/base-fr-en.tune.train.0.pt
[2019-06-23 23:29:44,422 INFO] number of examples: 16415
[2019-06-23 23:29:56,872 INFO] Step 174650/300000; acc:  71.62; ppl:  3.85; xent: 1.35; lr: 0.00003; 7783/7447 tok/s;   1993 sec
[2019-06-23 23:30:16,286 INFO] Step 174700/300000; acc:  71.84; ppl:  3.83; xent: 1.34; lr: 0.00003; 7627/7268 tok/s;   2013 sec
[2019-06-23 23:30:35,298 INFO] Step 174750/300000; acc:  71.33; ppl:  3.92; xent: 1.36; lr: 0.00003; 7246/6973 tok/s;   2032 sec
[2019-06-23 23:30:42,069 INFO] Loading dataset from ./data/onmt/base-fr-en.tune.train.0.pt
[2019-06-23 23:30:42,204 INFO] number of examples: 16415
[2019-06-23 23:30:54,962 INFO] Step 174800/300000; acc:  71.71; ppl:  3.82; xent: 1.34; lr: 0.00003; 7816/7525 tok/s;   2051 sec
[2019-06-23 23:31:14,395 INFO] Step 174850/300000; acc:  71.98; ppl:  3.77; xent: 1.33; lr: 0.00003; 7680/7287 tok/s;   2071 sec
[2019-06-23 23:31:33,399 INFO] Step 174900/300000; acc:  71.40; ppl:  3.88; xent: 1.36; lr: 0.00003; 7248/6977 tok/s;   2090 sec
[2019-06-23 23:31:39,835 INFO] Loading dataset from ./data/onmt/base-fr-en.tune.train.0.pt
[2019-06-23 23:31:39,964 INFO] number of examples: 16415
[2019-06-23 23:31:53,200 INFO] Step 174950/300000; acc:  72.03; ppl:  3.77; xent: 1.33; lr: 0.00003; 7763/7466 tok/s;   2109 sec
[2019-06-23 23:32:12,732 INFO] Step 175000/300000; acc:  72.31; ppl:  3.72; xent: 1.31; lr: 0.00003; 7643/7263 tok/s;   2129 sec
[2019-06-23 23:32:12,732 INFO] Loading dataset from ./data/onmt/base-fr-en.tune.valid.0.pt
[2019-06-23 23:32:12,740 INFO] number of examples: 886
[2019-06-23 23:32:56,805 INFO] Validation perplexity: 16.4796
[2019-06-23 23:32:56,805 INFO] Validation accuracy: 51.472
[2019-06-23 23:32:56,805 INFO] Model is improving ppl: 16.9721 --> 16.4796.
[2019-06-23 23:32:56,805 INFO] Model is improving acc: 51.0272 --> 51.472.
[2019-06-23 23:32:56,870 INFO] Saving checkpoint models/base-fr-en.tune_step_175000.pt
[2019-06-23 23:33:16,323 INFO] Step 175050/300000; acc:  71.65; ppl:  3.83; xent: 1.34; lr: 0.00003; 2166/2082 tok/s;   2193 sec
[2019-06-23 23:33:22,357 INFO] Loading dataset from ./data/onmt/base-fr-en.tune.train.0.pt
[2019-06-23 23:33:22,502 INFO] number of examples: 16415
[2019-06-23 23:33:36,066 INFO] Step 175100/300000; acc:  72.09; ppl:  3.74; xent: 1.32; lr: 0.00003; 7714/7428 tok/s;   2212 sec
[2019-06-23 23:33:55,556 INFO] Step 175150/300000; acc:  72.64; ppl:  3.65; xent: 1.30; lr: 0.00003; 7665/7309 tok/s;   2232 sec
[2019-06-23 23:34:14,420 INFO] Step 175200/300000; acc:  71.93; ppl:  3.79; xent: 1.33; lr: 0.00003; 7366/7043 tok/s;   2251 sec
[2019-06-23 23:34:20,127 INFO] Loading dataset from ./data/onmt/base-fr-en.tune.train.0.pt
[2019-06-23 23:34:20,255 INFO] number of examples: 16415
[2019-06-23 23:34:34,226 INFO] Step 175250/300000; acc:  72.11; ppl:  3.73; xent: 1.32; lr: 0.00003; 7564/7296 tok/s;   2271 sec
[2019-06-23 23:34:53,709 INFO] Step 175300/300000; acc:  72.89; ppl:  3.60; xent: 1.28; lr: 0.00003; 7797/7426 tok/s;   2290 sec
[2019-06-23 23:35:12,574 INFO] Step 175350/300000; acc:  71.89; ppl:  3.78; xent: 1.33; lr: 0.00003; 7206/6930 tok/s;   2309 sec
[2019-06-23 23:35:17,936 INFO] Loading dataset from ./data/onmt/base-fr-en.tune.train.0.pt
[2019-06-23 23:35:18,079 INFO] number of examples: 16415
[2019-06-23 23:35:32,184 INFO] Step 175400/300000; acc:  72.61; ppl:  3.65; xent: 1.29; lr: 0.00003; 7696/7423 tok/s;   2328 sec
[2019-06-23 23:35:51,984 INFO] Step 175450/300000; acc:  72.92; ppl:  3.58; xent: 1.28; lr: 0.00003; 7763/7359 tok/s;   2348 sec
[2019-06-23 23:36:10,633 INFO] Step 175500/300000; acc:  72.18; ppl:  3.72; xent: 1.31; lr: 0.00003; 7147/6889 tok/s;   2367 sec
[2019-06-23 23:36:15,712 INFO] Loading dataset from ./data/onmt/base-fr-en.tune.train.0.pt
[2019-06-23 23:36:15,850 INFO] number of examples: 16415
[2019-06-23 23:36:30,467 INFO] Step 175550/300000; acc:  72.73; ppl:  3.61; xent: 1.28; lr: 0.00003; 7722/7435 tok/s;   2387 sec
[2019-06-23 23:36:50,084 INFO] Step 175600/300000; acc:  73.21; ppl:  3.52; xent: 1.26; lr: 0.00003; 7856/7457 tok/s;   2406 sec
[2019-06-23 23:37:08,901 INFO] Step 175650/300000; acc:  72.31; ppl:  3.70; xent: 1.31; lr: 0.00003; 7071/6794 tok/s;   2425 sec
[2019-06-23 23:37:13,507 INFO] Loading dataset from ./data/onmt/base-fr-en.tune.train.0.pt
[2019-06-23 23:37:13,693 INFO] number of examples: 16415
[2019-06-23 23:37:28,703 INFO] Step 175700/300000; acc:  73.08; ppl:  3.56; xent: 1.27; lr: 0.00003; 7727/7475 tok/s;   2445 sec
[2019-06-23 23:37:48,189 INFO] Step 175750/300000; acc:  73.59; ppl:  3.47; xent: 1.24; lr: 0.00003; 7931/7510 tok/s;   2464 sec
[2019-06-23 23:38:07,049 INFO] Step 175800/300000; acc:  72.44; ppl:  3.68; xent: 1.30; lr: 0.00003; 6947/6686 tok/s;   2483 sec
[2019-06-23 23:38:11,324 INFO] Loading dataset from ./data/onmt/base-fr-en.tune.train.0.pt
[2019-06-23 23:38:11,459 INFO] number of examples: 16415
[2019-06-23 23:38:27,011 INFO] Step 175850/300000; acc:  73.21; ppl:  3.51; xent: 1.26; lr: 0.00003; 7763/7497 tok/s;   2503 sec
[2019-06-23 23:38:46,370 INFO] Step 175900/300000; acc:  73.76; ppl:  3.45; xent: 1.24; lr: 0.00003; 7876/7448 tok/s;   2523 sec
[2019-06-23 23:39:05,058 INFO] Step 175950/300000; acc:  72.59; ppl:  3.64; xent: 1.29; lr: 0.00003; 6981/6755 tok/s;   2541 sec
[2019-06-23 23:39:09,085 INFO] Loading dataset from ./data/onmt/base-fr-en.tune.train.0.pt
[2019-06-23 23:39:09,214 INFO] number of examples: 16415
[2019-06-23 23:39:25,355 INFO] Step 176000/300000; acc:  73.34; ppl:  3.48; xent: 1.25; lr: 0.00003; 7774/7462 tok/s;   2562 sec
[2019-06-23 23:39:25,356 INFO] Loading dataset from ./data/onmt/base-fr-en.tune.valid.0.pt
[2019-06-23 23:39:25,364 INFO] number of examples: 886
[2019-06-23 23:40:09,501 INFO] Validation perplexity: 16.2122
[2019-06-23 23:40:09,501 INFO] Validation accuracy: 51.7652
[2019-06-23 23:40:09,501 INFO] Model is improving ppl: 16.4796 --> 16.2122.
[2019-06-23 23:40:09,501 INFO] Model is improving acc: 51.472 --> 51.7652.
[2019-06-23 23:40:09,567 INFO] Saving checkpoint models/base-fr-en.tune_step_176000.pt
[2019-06-23 23:40:29,331 INFO] Step 176050/300000; acc:  73.80; ppl:  3.40; xent: 1.23; lr: 0.00003; 2350/2233 tok/s;   2626 sec
[2019-06-23 23:40:47,937 INFO] Step 176100/300000; acc:  72.88; ppl:  3.60; xent: 1.28; lr: 0.00003; 7074/6854 tok/s;   2644 sec
[2019-06-23 23:40:51,645 INFO] Loading dataset from ./data/onmt/base-fr-en.tune.train.0.pt
[2019-06-23 23:40:51,788 INFO] number of examples: 16415
[2019-06-23 23:41:08,235 INFO] Step 176150/300000; acc:  73.46; ppl:  3.46; xent: 1.24; lr: 0.00003; 7721/7410 tok/s;   2665 sec
[2019-06-23 23:41:27,600 INFO] Step 176200/300000; acc:  74.12; ppl:  3.37; xent: 1.22; lr: 0.00003; 7819/7395 tok/s;   2684 sec
[2019-06-23 23:41:46,181 INFO] Step 176250/300000; acc:  73.10; ppl:  3.54; xent: 1.26; lr: 0.00003; 7137/6919 tok/s;   2702 sec
[2019-06-23 23:41:49,441 INFO] Loading dataset from ./data/onmt/base-fr-en.tune.train.0.pt
[2019-06-23 23:41:49,570 INFO] number of examples: 16415
[2019-06-23 23:42:06,336 INFO] Step 176300/300000; acc:  73.82; ppl:  3.42; xent: 1.23; lr: 0.00003; 7760/7466 tok/s;   2723 sec
[2019-06-23 23:42:25,919 INFO] Step 176350/300000; acc:  74.13; ppl:  3.35; xent: 1.21; lr: 0.00003; 7725/7291 tok/s;   2742 sec
[2019-06-23 23:42:44,457 INFO] Step 176400/300000; acc:  73.42; ppl:  3.48; xent: 1.25; lr: 0.00003; 7179/6965 tok/s;   2761 sec
[2019-06-23 23:42:47,261 INFO] Loading dataset from ./data/onmt/base-fr-en.tune.train.0.pt
[2019-06-23 23:42:47,403 INFO] number of examples: 16415
[2019-06-23 23:43:04,457 INFO] Step 176450/300000; acc:  73.88; ppl:  3.39; xent: 1.22; lr: 0.00003; 7815/7530 tok/s;   2781 sec
[2019-06-23 23:43:24,079 INFO] Step 176500/300000; acc:  74.38; ppl:  3.33; xent: 1.20; lr: 0.00003; 7601/7150 tok/s;   2800 sec
[2019-06-23 23:43:42,490 INFO] Step 176550/300000; acc:  73.61; ppl:  3.44; xent: 1.24; lr: 0.00003; 7336/7112 tok/s;   2819 sec
[2019-06-23 23:43:45,034 INFO] Loading dataset from ./data/onmt/base-fr-en.tune.train.0.pt
[2019-06-23 23:43:45,167 INFO] number of examples: 16415
[2019-06-23 23:44:02,645 INFO] Step 176600/300000; acc:  74.16; ppl:  3.35; xent: 1.21; lr: 0.00003; 7766/7497 tok/s;   2839 sec
[2019-06-23 23:44:22,177 INFO] Step 176650/300000; acc:  74.45; ppl:  3.31; xent: 1.20; lr: 0.00003; 7457/7021 tok/s;   2858 sec
[2019-06-23 23:44:40,729 INFO] Step 176700/300000; acc:  73.71; ppl:  3.40; xent: 1.22; lr: 0.00003; 7410/7182 tok/s;   2877 sec
[2019-06-23 23:44:42,803 INFO] Loading dataset from ./data/onmt/base-fr-en.tune.train.0.pt
[2019-06-23 23:44:42,989 INFO] number of examples: 16415
[2019-06-23 23:45:00,795 INFO] Step 176750/300000; acc:  74.43; ppl:  3.31; xent: 1.20; lr: 0.00003; 7853/7563 tok/s;   2897 sec
[2019-06-23 23:45:20,362 INFO] Step 176800/300000; acc:  74.46; ppl:  3.30; xent: 1.20; lr: 0.00003; 7385/6959 tok/s;   2917 sec
[2019-06-23 23:45:38,877 INFO] Step 176850/300000; acc:  74.08; ppl:  3.36; xent: 1.21; lr: 0.00003; 7429/7232 tok/s;   2935 sec
[2019-06-23 23:45:40,629 INFO] Loading dataset from ./data/onmt/base-fr-en.tune.train.0.pt
[2019-06-23 23:45:40,765 INFO] number of examples: 16415
[2019-06-23 23:45:58,957 INFO] Step 176900/300000; acc:  74.45; ppl:  3.28; xent: 1.19; lr: 0.00003; 7790/7465 tok/s;   2955 sec
[2019-06-23 23:46:18,430 INFO] Step 176950/300000; acc:  74.67; ppl:  3.27; xent: 1.19; lr: 0.00003; 7343/6948 tok/s;   2975 sec
[2019-06-23 23:46:36,921 INFO] Step 177000/300000; acc:  74.34; ppl:  3.31; xent: 1.20; lr: 0.00003; 7564/7370 tok/s;   2993 sec
[2019-06-23 23:46:36,922 INFO] Loading dataset from ./data/onmt/base-fr-en.tune.valid.0.pt
[2019-06-23 23:46:36,930 INFO] number of examples: 886
[2019-06-23 23:47:21,068 INFO] Validation perplexity: 16.1591
[2019-06-23 23:47:21,068 INFO] Validation accuracy: 51.829
[2019-06-23 23:47:21,068 INFO] Model is improving ppl: 16.2122 --> 16.1591.
[2019-06-23 23:47:21,068 INFO] Model is improving acc: 51.7652 --> 51.829.
[2019-06-23 23:47:21,134 INFO] Saving checkpoint models/base-fr-en.tune_step_177000.pt
[2019-06-23 23:47:23,140 INFO] Loading dataset from ./data/onmt/base-fr-en.tune.train.0.pt
[2019-06-23 23:47:23,277 INFO] number of examples: 16415
[2019-06-23 23:47:41,822 INFO] Step 177050/300000; acc:  74.73; ppl:  3.24; xent: 1.18; lr: 0.00003; 2429/2324 tok/s;   3058 sec
[2019-06-23 23:48:01,313 INFO] Step 177100/300000; acc:  74.81; ppl:  3.25; xent: 1.18; lr: 0.00003; 7327/6937 tok/s;   3078 sec
[2019-06-23 23:48:19,953 INFO] Step 177150/300000; acc:  74.34; ppl:  3.29; xent: 1.19; lr: 0.00003; 7452/7224 tok/s;   3096 sec
[2019-06-23 23:48:20,938 INFO] Loading dataset from ./data/onmt/base-fr-en.tune.train.0.pt
[2019-06-23 23:48:21,070 INFO] number of examples: 16415
[2019-06-23 23:48:40,074 INFO] Step 177200/300000; acc:  74.98; ppl:  3.20; xent: 1.16; lr: 0.00003; 7877/7536 tok/s;   3116 sec
[2019-06-23 23:48:59,551 INFO] Step 177250/300000; acc:  74.95; ppl:  3.22; xent: 1.17; lr: 0.00003; 7304/6931 tok/s;   3136 sec
[2019-06-23 23:49:18,181 INFO] Step 177300/300000; acc:  74.66; ppl:  3.26; xent: 1.18; lr: 0.00003; 7441/7219 tok/s;   3154 sec
[2019-06-23 23:49:18,711 INFO] Loading dataset from ./data/onmt/base-fr-en.tune.train.0.pt
[2019-06-23 23:49:18,899 INFO] number of examples: 16415
[2019-06-23 23:49:38,407 INFO] Step 177350/300000; acc:  75.18; ppl:  3.17; xent: 1.15; lr: 0.00003; 7879/7527 tok/s;   3175 sec
[2019-06-23 23:49:57,606 INFO] Step 177400/300000; acc:  75.12; ppl:  3.18; xent: 1.16; lr: 0.00003; 7416/7046 tok/s;   3194 sec
[2019-06-23 23:50:16,520 INFO] Step 177450/300000; acc:  74.74; ppl:  3.25; xent: 1.18; lr: 0.00003; 7330/7107 tok/s;   3213 sec
[2019-06-23 23:50:16,521 INFO] Loading dataset from ./data/onmt/base-fr-en.tune.train.0.pt
[2019-06-23 23:50:16,663 INFO] number of examples: 16415
[2019-06-23 23:50:36,530 INFO] Step 177500/300000; acc:  75.38; ppl:  3.12; xent: 1.14; lr: 0.00003; 7977/7634 tok/s;   3233 sec
[2019-06-23 23:50:55,671 INFO] Step 177550/300000; acc:  75.23; ppl:  3.16; xent: 1.15; lr: 0.00003; 7430/7061 tok/s;   3252 sec
[2019-06-23 23:51:14,287 INFO] Loading dataset from ./data/onmt/base-fr-en.tune.train.0.pt
[2019-06-23 23:51:14,415 INFO] number of examples: 16415
[2019-06-23 23:51:15,003 INFO] Step 177600/300000; acc:  74.75; ppl:  3.23; xent: 1.17; lr: 0.00003; 7182/6959 tok/s;   3271 sec
[2019-06-23 23:51:34,891 INFO] Step 177650/300000; acc:  75.56; ppl:  3.10; xent: 1.13; lr: 0.00003; 8018/7664 tok/s;   3291 sec
[2019-06-23 23:51:54,021 INFO] Step 177700/300000; acc:  75.51; ppl:  3.12; xent: 1.14; lr: 0.00003; 7426/7051 tok/s;   3310 sec
[2019-06-23 23:52:12,127 INFO] Loading dataset from ./data/onmt/base-fr-en.tune.train.0.pt
[2019-06-23 23:52:12,270 INFO] number of examples: 16415
[2019-06-23 23:52:13,322 INFO] Step 177750/300000; acc:  74.99; ppl:  3.21; xent: 1.17; lr: 0.00003; 7208/6980 tok/s;   3330 sec
[2019-06-23 23:52:33,051 INFO] Step 177800/300000; acc:  75.59; ppl:  3.07; xent: 1.12; lr: 0.00003; 7959/7618 tok/s;   3349 sec
[2019-06-23 23:52:52,207 INFO] Step 177850/300000; acc:  75.70; ppl:  3.07; xent: 1.12; lr: 0.00003; 7537/7174 tok/s;   3368 sec
[2019-06-23 23:53:09,910 INFO] Loading dataset from ./data/onmt/base-fr-en.tune.train.0.pt
[2019-06-23 23:53:10,043 INFO] number of examples: 16415
[2019-06-23 23:53:11,416 INFO] Step 177900/300000; acc:  75.10; ppl:  3.17; xent: 1.16; lr: 0.00003; 7247/7003 tok/s;   3388 sec
[2019-06-23 23:53:31,296 INFO] Step 177950/300000; acc:  75.85; ppl:  3.06; xent: 1.12; lr: 0.00003; 7883/7540 tok/s;   3408 sec
[2019-06-23 23:53:50,403 INFO] Step 178000/300000; acc:  76.02; ppl:  3.05; xent: 1.11; lr: 0.00003; 7581/7209 tok/s;   3427 sec
[2019-06-23 23:53:50,403 INFO] Loading dataset from ./data/onmt/base-fr-en.tune.valid.0.pt
[2019-06-23 23:53:50,411 INFO] number of examples: 886
[2019-06-23 23:54:34,547 INFO] Validation perplexity: 16.2365
[2019-06-23 23:54:34,547 INFO] Validation accuracy: 51.9228
[2019-06-23 23:54:34,548 INFO] Stalled patience: 4/5
[2019-06-23 23:54:34,612 INFO] Saving checkpoint models/base-fr-en.tune_step_178000.pt
[2019-06-23 23:54:52,401 INFO] Loading dataset from ./data/onmt/base-fr-en.tune.train.0.pt
[2019-06-23 23:54:52,550 INFO] number of examples: 16415
[2019-06-23 23:54:54,424 INFO] Step 178050/300000; acc:  75.25; ppl:  3.15; xent: 1.15; lr: 0.00003; 2169/2102 tok/s;   3491 sec
[2019-06-23 23:55:14,275 INFO] Step 178100/300000; acc:  75.97; ppl:  3.03; xent: 1.11; lr: 0.00003; 7837/7465 tok/s;   3511 sec
[2019-06-23 23:55:33,362 INFO] Step 178150/300000; acc:  76.14; ppl:  3.03; xent: 1.11; lr: 0.00003; 7633/7299 tok/s;   3530 sec
[2019-06-23 23:55:50,197 INFO] Loading dataset from ./data/onmt/base-fr-en.tune.train.0.pt
[2019-06-23 23:55:50,326 INFO] number of examples: 16415
[2019-06-23 23:55:52,777 INFO] Step 178200/300000; acc:  75.41; ppl:  3.12; xent: 1.14; lr: 0.00003; 7165/6938 tok/s;   3549 sec
[2019-06-23 23:56:12,515 INFO] Step 178250/300000; acc:  76.11; ppl:  3.01; xent: 1.10; lr: 0.00003; 7844/7483 tok/s;   3569 sec
[2019-06-23 23:56:31,606 INFO] Step 178300/300000; acc:  76.18; ppl:  3.00; xent: 1.10; lr: 0.00003; 7604/7234 tok/s;   3588 sec
[2019-06-23 23:56:48,009 INFO] Loading dataset from ./data/onmt/base-fr-en.tune.train.0.pt
[2019-06-23 23:56:48,153 INFO] number of examples: 16415
[2019-06-23 23:56:51,028 INFO] Step 178350/300000; acc:  75.54; ppl:  3.09; xent: 1.13; lr: 0.00003; 7210/7003 tok/s;   3607 sec
[2019-06-23 23:57:10,604 INFO] Step 178400/300000; acc:  76.36; ppl:  2.98; xent: 1.09; lr: 0.00003; 7940/7561 tok/s;   3627 sec
[2019-06-23 23:57:29,665 INFO] Step 178450/300000; acc:  76.32; ppl:  2.98; xent: 1.09; lr: 0.00003; 7600/7256 tok/s;   3646 sec
[2019-06-23 23:57:45,782 INFO] Loading dataset from ./data/onmt/base-fr-en.tune.train.0.pt
[2019-06-23 23:57:45,915 INFO] number of examples: 16415
[2019-06-23 23:57:49,172 INFO] Step 178500/300000; acc:  75.62; ppl:  3.08; xent: 1.13; lr: 0.00003; 7097/6865 tok/s;   3665 sec
[2019-06-23 23:58:08,829 INFO] Step 178550/300000; acc:  76.53; ppl:  2.95; xent: 1.08; lr: 0.00003; 8009/7631 tok/s;   3685 sec
[2019-06-23 23:58:27,910 INFO] Step 178600/300000; acc:  76.52; ppl:  2.96; xent: 1.09; lr: 0.00003; 7525/7198 tok/s;   3704 sec
[2019-06-23 23:58:43,530 INFO] Loading dataset from ./data/onmt/base-fr-en.tune.train.0.pt
[2019-06-23 23:58:43,721 INFO] number of examples: 16415
[2019-06-23 23:58:47,424 INFO] Step 178650/300000; acc:  76.01; ppl:  3.04; xent: 1.11; lr: 0.00003; 7154/6925 tok/s;   3724 sec
[2019-06-23 23:59:07,131 INFO] Step 178700/300000; acc:  76.58; ppl:  2.93; xent: 1.07; lr: 0.00003; 7979/7583 tok/s;   3743 sec
[2019-06-23 23:59:25,916 INFO] Step 178750/300000; acc:  76.52; ppl:  2.94; xent: 1.08; lr: 0.00003; 7602/7308 tok/s;   3762 sec
[2019-06-23 23:59:41,304 INFO] Loading dataset from ./data/onmt/base-fr-en.tune.train.0.pt
[2019-06-23 23:59:41,439 INFO] number of examples: 16415
[2019-06-23 23:59:45,481 INFO] Step 178800/300000; acc:  76.16; ppl:  3.01; xent: 1.10; lr: 0.00003; 7189/6920 tok/s;   3782 sec
[2019-06-24 00:00:05,238 INFO] Step 178850/300000; acc:  76.78; ppl:  2.91; xent: 1.07; lr: 0.00003; 7942/7578 tok/s;   3802 sec
[2019-06-24 00:00:23,950 INFO] Step 178900/300000; acc:  76.70; ppl:  2.93; xent: 1.07; lr: 0.00003; 7504/7199 tok/s;   3820 sec
[2019-06-24 00:00:39,082 INFO] Loading dataset from ./data/onmt/base-fr-en.tune.train.0.pt
[2019-06-24 00:00:39,213 INFO] number of examples: 16415
[2019-06-24 00:00:43,546 INFO] Step 178950/300000; acc:  76.31; ppl:  2.98; xent: 1.09; lr: 0.00003; 7237/6986 tok/s;   3840 sec
[2019-06-24 00:01:03,413 INFO] Step 179000/300000; acc:  77.04; ppl:  2.87; xent: 1.05; lr: 0.00003; 7978/7583 tok/s;   3860 sec
[2019-06-24 00:01:03,413 INFO] Loading dataset from ./data/onmt/base-fr-en.tune.valid.0.pt
[2019-06-24 00:01:03,422 INFO] number of examples: 886
[2019-06-24 00:01:47,497 INFO] Validation perplexity: 16.0009
[2019-06-24 00:01:47,497 INFO] Validation accuracy: 52.206
[2019-06-24 00:01:47,497 INFO] Model is improving ppl: 16.1591 --> 16.0009.
[2019-06-24 00:01:47,497 INFO] Model is improving acc: 51.829 --> 52.206.
[2019-06-24 00:01:47,562 INFO] Saving checkpoint models/base-fr-en.tune_step_179000.pt
[2019-06-24 00:02:06,813 INFO] Step 179050/300000; acc:  76.73; ppl:  2.92; xent: 1.07; lr: 0.00003; 2172/2092 tok/s;   3923 sec
[2019-06-24 00:02:21,673 INFO] Loading dataset from ./data/onmt/base-fr-en.tune.train.0.pt
[2019-06-24 00:02:21,815 INFO] number of examples: 16415
[2019-06-24 00:02:26,525 INFO] Step 179100/300000; acc:  76.42; ppl:  2.96; xent: 1.09; lr: 0.00003; 7287/7000 tok/s;   3943 sec
[2019-06-24 00:02:46,373 INFO] Step 179150/300000; acc:  77.24; ppl:  2.84; xent: 1.04; lr: 0.00003; 8029/7644 tok/s;   3963 sec
[2019-06-24 00:03:04,983 INFO] Step 179200/300000; acc:  76.84; ppl:  2.90; xent: 1.06; lr: 0.00003; 7253/6981 tok/s;   3981 sec
[2019-06-24 00:03:19,493 INFO] Loading dataset from ./data/onmt/base-fr-en.tune.train.0.pt
[2019-06-24 00:03:19,621 INFO] number of examples: 16415
[2019-06-24 00:03:24,800 INFO] Step 179250/300000; acc:  76.59; ppl:  2.94; xent: 1.08; lr: 0.00003; 7357/7093 tok/s;   4001 sec
[2019-06-24 00:03:44,454 INFO] Step 179300/300000; acc:  77.47; ppl:  2.81; xent: 1.03; lr: 0.00003; 7983/7583 tok/s;   4021 sec
[2019-06-24 00:04:03,108 INFO] Step 179350/300000; acc:  77.09; ppl:  2.88; xent: 1.06; lr: 0.00003; 7238/6976 tok/s;   4039 sec
[2019-06-24 00:04:17,315 INFO] Loading dataset from ./data/onmt/base-fr-en.tune.train.0.pt
[2019-06-24 00:04:17,458 INFO] number of examples: 16415
[2019-06-24 00:04:22,987 INFO] Step 179400/300000; acc:  76.74; ppl:  2.90; xent: 1.07; lr: 0.00003; 7486/7204 tok/s;   4059 sec
[2019-06-24 00:04:42,494 INFO] Step 179450/300000; acc:  77.55; ppl:  2.80; xent: 1.03; lr: 0.00003; 8026/7616 tok/s;   4079 sec
[2019-06-24 00:05:01,443 INFO] Step 179500/300000; acc:  77.12; ppl:  2.86; xent: 1.05; lr: 0.00003; 7126/6883 tok/s;   4098 sec
[2019-06-24 00:05:15,098 INFO] Loading dataset from ./data/onmt/base-fr-en.tune.train.0.pt
[2019-06-24 00:05:15,231 INFO] number of examples: 16415
[2019-06-24 00:05:21,011 INFO] Step 179550/300000; acc:  77.09; ppl:  2.87; xent: 1.06; lr: 0.00003; 7587/7309 tok/s;   4117 sec
[2019-06-24 00:05:40,651 INFO] Step 179600/300000; acc:  77.74; ppl:  2.77; xent: 1.02; lr: 0.00003; 8004/7577 tok/s;   4137 sec
[2019-06-24 00:05:59,728 INFO] Step 179650/300000; acc:  77.37; ppl:  2.84; xent: 1.05; lr: 0.00003; 7037/6804 tok/s;   4156 sec
[2019-06-24 00:06:12,897 INFO] Loading dataset from ./data/onmt/base-fr-en.tune.train.0.pt
[2019-06-24 00:06:13,086 INFO] number of examples: 16415
[2019-06-24 00:06:19,048 INFO] Step 179700/300000; acc:  77.15; ppl:  2.85; xent: 1.05; lr: 0.00003; 7568/7306 tok/s;   4175 sec
[2019-06-24 00:06:38,875 INFO] Step 179750/300000; acc:  77.89; ppl:  2.74; xent: 1.01; lr: 0.00003; 8020/7578 tok/s;   4195 sec
[2019-06-24 00:06:57,774 INFO] Step 179800/300000; acc:  77.42; ppl:  2.82; xent: 1.04; lr: 0.00003; 7156/6921 tok/s;   4214 sec
[2019-06-24 00:07:10,666 INFO] Loading dataset from ./data/onmt/base-fr-en.tune.train.0.pt
[2019-06-24 00:07:10,802 INFO] number of examples: 16415
[2019-06-24 00:07:17,158 INFO] Step 179850/300000; acc:  77.29; ppl:  2.84; xent: 1.04; lr: 0.00003; 7468/7202 tok/s;   4233 sec
[2019-06-24 00:07:37,149 INFO] Step 179900/300000; acc:  78.09; ppl:  2.73; xent: 1.00; lr: 0.00003; 8039/7585 tok/s;   4253 sec
[2019-06-24 00:07:56,054 INFO] Step 179950/300000; acc:  77.65; ppl:  2.79; xent: 1.02; lr: 0.00003; 7159/6932 tok/s;   4272 sec
[2019-06-24 00:08:08,425 INFO] Loading dataset from ./data/onmt/base-fr-en.tune.train.0.pt
[2019-06-24 00:08:08,554 INFO] number of examples: 16415
[2019-06-24 00:08:15,475 INFO] Step 180000/300000; acc:  77.38; ppl:  2.83; xent: 1.04; lr: 0.00002; 7430/7172 tok/s;   4292 sec
[2019-06-24 00:08:15,476 INFO] Loading dataset from ./data/onmt/base-fr-en.tune.valid.0.pt
[2019-06-24 00:08:15,484 INFO] number of examples: 886
[2019-06-24 00:08:59,503 INFO] Validation perplexity: 16.3231
[2019-06-24 00:08:59,503 INFO] Validation accuracy: 52.0983
[2019-06-24 00:08:59,503 INFO] Decreasing patience: 4/5
[2019-06-24 00:08:59,568 INFO] Saving checkpoint models/base-fr-en.tune_step_180000.pt
[2019-06-24 00:09:20,169 INFO] Step 180050/300000; acc:  78.22; ppl:  2.71; xent: 1.00; lr: 0.00002; 2489/2346 tok/s;   4356 sec
[2019-06-24 00:09:38,862 INFO] Step 180100/300000; acc:  77.68; ppl:  2.78; xent: 1.02; lr: 0.00002; 7131/6943 tok/s;   4375 sec
[2019-06-24 00:09:50,911 INFO] Loading dataset from ./data/onmt/base-fr-en.tune.train.0.pt
[2019-06-24 00:09:51,051 INFO] number of examples: 16415
[2019-06-24 00:09:58,368 INFO] Step 180150/300000; acc:  77.57; ppl:  2.79; xent: 1.03; lr: 0.00002; 7475/7181 tok/s;   4395 sec
[2019-06-24 00:10:18,318 INFO] Step 180200/300000; acc:  78.39; ppl:  2.69; xent: 0.99; lr: 0.00002; 8022/7563 tok/s;   4415 sec
[2019-06-24 00:10:36,958 INFO] Step 180250/300000; acc:  77.86; ppl:  2.76; xent: 1.02; lr: 0.00002; 7162/6968 tok/s;   4433 sec
[2019-06-24 00:10:48,655 INFO] Loading dataset from ./data/onmt/base-fr-en.tune.train.0.pt
[2019-06-24 00:10:48,784 INFO] number of examples: 16415
[2019-06-24 00:10:56,450 INFO] Step 180300/300000; acc:  77.90; ppl:  2.76; xent: 1.02; lr: 0.00002; 7543/7251 tok/s;   4453 sec
[2019-06-24 00:11:16,325 INFO] Step 180350/300000; acc:  78.40; ppl:  2.70; xent: 0.99; lr: 0.00002; 7982/7555 tok/s;   4473 sec
[2019-06-24 00:11:35,110 INFO] Step 180400/300000; acc:  77.99; ppl:  2.75; xent: 1.01; lr: 0.00002; 7134/6910 tok/s;   4491 sec
[2019-06-24 00:11:46,438 INFO] Loading dataset from ./data/onmt/base-fr-en.tune.train.0.pt
[2019-06-24 00:11:46,581 INFO] number of examples: 16415
[2019-06-24 00:11:54,638 INFO] Step 180450/300000; acc:  77.89; ppl:  2.74; xent: 1.01; lr: 0.00002; 7586/7290 tok/s;   4511 sec
[2019-06-24 00:12:14,597 INFO] Step 180500/300000; acc:  78.44; ppl:  2.69; xent: 0.99; lr: 0.00002; 7915/7497 tok/s;   4531 sec
[2019-06-24 00:12:33,179 INFO] Step 180550/300000; acc:  78.18; ppl:  2.72; xent: 1.00; lr: 0.00002; 7237/7000 tok/s;   4549 sec
[2019-06-24 00:12:44,213 INFO] Loading dataset from ./data/onmt/base-fr-en.tune.train.0.pt
[2019-06-24 00:12:44,346 INFO] number of examples: 16415
[2019-06-24 00:12:52,910 INFO] Step 180600/300000; acc:  77.97; ppl:  2.74; xent: 1.01; lr: 0.00002; 7516/7228 tok/s;   4569 sec
[2019-06-24 00:13:12,772 INFO] Step 180650/300000; acc:  78.55; ppl:  2.67; xent: 0.98; lr: 0.00002; 7929/7524 tok/s;   4589 sec
[2019-06-24 00:13:31,160 INFO] Step 180700/300000; acc:  78.25; ppl:  2.71; xent: 1.00; lr: 0.00002; 7172/6951 tok/s;   4607 sec
[2019-06-24 00:13:41,966 INFO] Loading dataset from ./data/onmt/base-fr-en.tune.train.0.pt
[2019-06-24 00:13:42,157 INFO] number of examples: 16415
[2019-06-24 00:13:51,140 INFO] Step 180750/300000; acc:  78.14; ppl:  2.72; xent: 1.00; lr: 0.00002; 7557/7262 tok/s;   4627 sec
[2019-06-24 00:14:10,986 INFO] Step 180800/300000; acc:  78.62; ppl:  2.66; xent: 0.98; lr: 0.00002; 7947/7534 tok/s;   4647 sec
[2019-06-24 00:14:29,265 INFO] Step 180850/300000; acc:  78.20; ppl:  2.72; xent: 1.00; lr: 0.00002; 7053/6836 tok/s;   4666 sec
[2019-06-24 00:14:39,772 INFO] Loading dataset from ./data/onmt/base-fr-en.tune.train.0.pt
[2019-06-24 00:14:39,909 INFO] number of examples: 16415
[2019-06-24 00:14:49,287 INFO] Step 180900/300000; acc:  78.36; ppl:  2.69; xent: 0.99; lr: 0.00002; 7697/7386 tok/s;   4686 sec
[2019-06-24 00:15:09,116 INFO] Step 180950/300000; acc:  78.74; ppl:  2.64; xent: 0.97; lr: 0.00002; 7952/7536 tok/s;   4705 sec
[2019-06-24 00:15:27,513 INFO] Step 181000/300000; acc:  78.25; ppl:  2.71; xent: 1.00; lr: 0.00002; 6961/6764 tok/s;   4724 sec
[2019-06-24 00:15:27,514 INFO] Loading dataset from ./data/onmt/base-fr-en.tune.valid.0.pt
[2019-06-24 00:15:27,522 INFO] number of examples: 886
[2019-06-24 00:16:11,687 INFO] Validation perplexity: 16.5248
[2019-06-24 00:16:11,687 INFO] Validation accuracy: 52.0145
[2019-06-24 00:16:11,687 INFO] Decreasing patience: 3/5
[2019-06-24 00:16:11,752 INFO] Saving checkpoint models/base-fr-en.tune_step_181000.pt
[2019-06-24 00:16:22,419 INFO] Loading dataset from ./data/onmt/base-fr-en.tune.train.0.pt
[2019-06-24 00:16:22,580 INFO] number of examples: 16415
[2019-06-24 00:16:32,505 INFO] Step 181050/300000; acc:  78.39; ppl:  2.67; xent: 0.98; lr: 0.00002; 2385/2282 tok/s;   4789 sec
[2019-06-24 00:16:52,316 INFO] Step 181100/300000; acc:  78.87; ppl:  2.63; xent: 0.97; lr: 0.00002; 7961/7544 tok/s;   4809 sec
[2019-06-24 00:17:10,515 INFO] Step 181150/300000; acc:  78.49; ppl:  2.68; xent: 0.99; lr: 0.00002; 7024/6851 tok/s;   4827 sec
[2019-06-24 00:17:20,224 INFO] Loading dataset from ./data/onmt/base-fr-en.tune.train.0.pt
[2019-06-24 00:17:20,357 INFO] number of examples: 16415
[2019-06-24 00:17:30,568 INFO] Step 181200/300000; acc:  78.49; ppl:  2.66; xent: 0.98; lr: 0.00002; 7639/7287 tok/s;   4847 sec
[2019-06-24 00:17:50,364 INFO] Step 181250/300000; acc:  78.93; ppl:  2.61; xent: 0.96; lr: 0.00002; 8058/7641 tok/s;   4867 sec
[2019-06-24 00:18:08,573 INFO] Step 181300/300000; acc:  78.52; ppl:  2.68; xent: 0.99; lr: 0.00002; 6998/6854 tok/s;   4885 sec
[2019-06-24 00:18:17,979 INFO] Loading dataset from ./data/onmt/base-fr-en.tune.train.0.pt
[2019-06-24 00:18:18,167 INFO] number of examples: 16415
[2019-06-24 00:18:28,700 INFO] Step 181350/300000; acc:  78.50; ppl:  2.65; xent: 0.97; lr: 0.00002; 7616/7264 tok/s;   4905 sec
[2019-06-24 00:18:48,434 INFO] Step 181400/300000; acc:  79.03; ppl:  2.61; xent: 0.96; lr: 0.00002; 7931/7516 tok/s;   4925 sec
[2019-06-24 00:19:06,691 INFO] Step 181450/300000; acc:  78.64; ppl:  2.66; xent: 0.98; lr: 0.00002; 7166/6987 tok/s;   4943 sec
[2019-06-24 00:19:15,780 INFO] Loading dataset from ./data/onmt/base-fr-en.tune.train.0.pt
[2019-06-24 00:19:15,921 INFO] number of examples: 16415
[2019-06-24 00:19:26,958 INFO] Step 181500/300000; acc:  78.62; ppl:  2.65; xent: 0.97; lr: 0.00002; 7566/7223 tok/s;   4963 sec
[2019-06-24 00:19:46,463 INFO] Step 181550/300000; acc:  79.26; ppl:  2.58; xent: 0.95; lr: 0.00002; 7944/7556 tok/s;   4983 sec
[2019-06-24 00:20:05,006 INFO] Step 181600/300000; acc:  78.67; ppl:  2.65; xent: 0.98; lr: 0.00002; 7146/6930 tok/s;   5001 sec
[2019-06-24 00:20:13,559 INFO] Loading dataset from ./data/onmt/base-fr-en.tune.train.0.pt
[2019-06-24 00:20:13,689 INFO] number of examples: 16415
[2019-06-24 00:20:25,229 INFO] Step 181650/300000; acc:  78.68; ppl:  2.63; xent: 0.97; lr: 0.00002; 7525/7170 tok/s;   5022 sec
[2019-06-24 00:20:44,671 INFO] Step 181700/300000; acc:  79.29; ppl:  2.58; xent: 0.95; lr: 0.00002; 7920/7550 tok/s;   5041 sec
[2019-06-24 00:21:03,345 INFO] Step 181750/300000; acc:  78.67; ppl:  2.65; xent: 0.97; lr: 0.00002; 7170/6960 tok/s;   5060 sec
[2019-06-24 00:21:11,382 INFO] Loading dataset from ./data/onmt/base-fr-en.tune.train.0.pt
[2019-06-24 00:21:11,526 INFO] number of examples: 16415
[2019-06-24 00:21:23,350 INFO] Step 181800/300000; acc:  78.91; ppl:  2.60; xent: 0.96; lr: 0.00002; 7630/7281 tok/s;   5080 sec
[2019-06-24 00:21:42,764 INFO] Step 181850/300000; acc:  79.27; ppl:  2.57; xent: 0.94; lr: 0.00002; 7854/7459 tok/s;   5099 sec
[2019-06-24 00:22:01,655 INFO] Step 181900/300000; acc:  78.74; ppl:  2.64; xent: 0.97; lr: 0.00002; 7163/6955 tok/s;   5118 sec
[2019-06-24 00:22:09,156 INFO] Loading dataset from ./data/onmt/base-fr-en.tune.train.0.pt
[2019-06-24 00:22:09,289 INFO] number of examples: 16415
[2019-06-24 00:22:21,482 INFO] Step 181950/300000; acc:  79.15; ppl:  2.58; xent: 0.95; lr: 0.00002; 7711/7361 tok/s;   5138 sec
[2019-06-24 00:22:40,840 INFO] Step 182000/300000; acc:  79.33; ppl:  2.57; xent: 0.94; lr: 0.00002; 7691/7332 tok/s;   5157 sec
[2019-06-24 00:22:40,841 INFO] Loading dataset from ./data/onmt/base-fr-en.tune.valid.0.pt
[2019-06-24 00:22:40,849 INFO] number of examples: 886
[2019-06-24 00:23:24,968 INFO] Validation perplexity: 16.5506
[2019-06-24 00:23:24,968 INFO] Validation accuracy: 51.8869
[2019-06-24 00:23:24,968 INFO] Decreasing patience: 2/5
[2019-06-24 00:23:25,049 INFO] Saving checkpoint models/base-fr-en.tune_step_182000.pt
[2019-06-24 00:23:44,622 INFO] Step 182050/300000; acc:  78.92; ppl:  2.62; xent: 0.96; lr: 0.00002; 2126/2061 tok/s;   5221 sec
[2019-06-24 00:23:51,790 INFO] Loading dataset from ./data/onmt/base-fr-en.tune.train.0.pt
[2019-06-24 00:23:51,943 INFO] number of examples: 16415
[2019-06-24 00:24:04,398 INFO] Step 182100/300000; acc:  79.21; ppl:  2.57; xent: 0.94; lr: 0.00002; 7803/7467 tok/s;   5241 sec
[2019-06-24 00:24:23,815 INFO] Step 182150/300000; acc:  79.52; ppl:  2.55; xent: 0.94; lr: 0.00002; 7626/7267 tok/s;   5260 sec
[2019-06-24 00:24:42,806 INFO] Step 182200/300000; acc:  79.03; ppl:  2.60; xent: 0.96; lr: 0.00002; 7254/6981 tok/s;   5279 sec
[2019-06-24 00:24:49,587 INFO] Loading dataset from ./data/onmt/base-fr-en.tune.train.0.pt
[2019-06-24 00:24:49,716 INFO] number of examples: 16415
[2019-06-24 00:25:02,562 INFO] Step 182250/300000; acc:  79.27; ppl:  2.56; xent: 0.94; lr: 0.00002; 7780/7491 tok/s;   5299 sec
[2019-06-24 00:25:21,985 INFO] Step 182300/300000; acc:  79.71; ppl:  2.53; xent: 0.93; lr: 0.00002; 7684/7290 tok/s;   5318 sec
[2019-06-24 00:25:41,002 INFO] Step 182350/300000; acc:  79.10; ppl:  2.59; xent: 0.95; lr: 0.00002; 7243/6972 tok/s;   5337 sec
[2019-06-24 00:25:47,416 INFO] Loading dataset from ./data/onmt/base-fr-en.tune.train.0.pt
[2019-06-24 00:25:47,560 INFO] number of examples: 16415
[2019-06-24 00:26:00,720 INFO] Step 182400/300000; acc:  79.42; ppl:  2.55; xent: 0.94; lr: 0.00002; 7796/7498 tok/s;   5357 sec
[2019-06-24 00:26:20,238 INFO] Step 182450/300000; acc:  79.80; ppl:  2.52; xent: 0.92; lr: 0.00002; 7649/7268 tok/s;   5377 sec
[2019-06-24 00:26:39,164 INFO] Step 182500/300000; acc:  79.25; ppl:  2.57; xent: 0.94; lr: 0.00002; 7278/6995 tok/s;   5395 sec
[2019-06-24 00:26:45,189 INFO] Loading dataset from ./data/onmt/base-fr-en.tune.train.0.pt
[2019-06-24 00:26:45,326 INFO] number of examples: 16415
[2019-06-24 00:26:58,901 INFO] Step 182550/300000; acc:  79.41; ppl:  2.55; xent: 0.94; lr: 0.00002; 7717/7430 tok/s;   5415 sec
[2019-06-24 00:27:18,370 INFO] Step 182600/300000; acc:  79.83; ppl:  2.50; xent: 0.92; lr: 0.00002; 7674/7317 tok/s;   5435 sec
[2019-06-24 00:27:37,221 INFO] Step 182650/300000; acc:  79.27; ppl:  2.57; xent: 0.94; lr: 0.00002; 7371/7049 tok/s;   5454 sec
[2019-06-24 00:27:42,927 INFO] Loading dataset from ./data/onmt/base-fr-en.tune.train.0.pt
[2019-06-24 00:27:43,116 INFO] number of examples: 16415
[2019-06-24 00:27:56,998 INFO] Step 182700/300000; acc:  79.45; ppl:  2.54; xent: 0.93; lr: 0.00002; 7575/7307 tok/s;   5473 sec
[2019-06-24 00:28:16,479 INFO] Step 182750/300000; acc:  80.18; ppl:  2.48; xent: 0.91; lr: 0.00002; 7798/7427 tok/s;   5493 sec
[2019-06-24 00:28:35,367 INFO] Step 182800/300000; acc:  79.23; ppl:  2.58; xent: 0.95; lr: 0.00002; 7197/6921 tok/s;   5512 sec
[2019-06-24 00:28:40,720 INFO] Loading dataset from ./data/onmt/base-fr-en.tune.train.0.pt
[2019-06-24 00:28:40,858 INFO] number of examples: 16415
[2019-06-24 00:28:54,966 INFO] Step 182850/300000; acc:  79.58; ppl:  2.53; xent: 0.93; lr: 0.00002; 7700/7427 tok/s;   5531 sec
[2019-06-24 00:29:14,740 INFO] Step 182900/300000; acc:  80.07; ppl:  2.48; xent: 0.91; lr: 0.00002; 7773/7368 tok/s;   5551 sec
[2019-06-24 00:29:33,398 INFO] Step 182950/300000; acc:  79.38; ppl:  2.55; xent: 0.94; lr: 0.00002; 7144/6885 tok/s;   5570 sec
[2019-06-24 00:29:38,481 INFO] Loading dataset from ./data/onmt/base-fr-en.tune.train.0.pt
[2019-06-24 00:29:38,612 INFO] number of examples: 16415
[2019-06-24 00:29:53,303 INFO] Step 183000/300000; acc:  79.76; ppl:  2.51; xent: 0.92; lr: 0.00002; 7695/7409 tok/s;   5590 sec
[2019-06-24 00:29:53,304 INFO] Loading dataset from ./data/onmt/base-fr-en.tune.valid.0.pt
[2019-06-24 00:29:53,313 INFO] number of examples: 886
[2019-06-24 00:30:37,370 INFO] Validation perplexity: 16.7556
[2019-06-24 00:30:37,370 INFO] Validation accuracy: 51.9268
[2019-06-24 00:30:37,370 INFO] Decreasing patience: 1/5
[2019-06-24 00:30:37,452 INFO] Saving checkpoint models/base-fr-en.tune_step_183000.pt
[2019-06-24 00:30:57,704 INFO] Step 183050/300000; acc:  80.24; ppl:  2.47; xent: 0.90; lr: 0.00002; 2393/2271 tok/s;   5654 sec
[2019-06-24 00:31:16,543 INFO] Step 183100/300000; acc:  79.50; ppl:  2.55; xent: 0.94; lr: 0.00002; 7063/6786 tok/s;   5673 sec
[2019-06-24 00:31:21,149 INFO] Loading dataset from ./data/onmt/base-fr-en.tune.train.0.pt
[2019-06-24 00:31:21,290 INFO] number of examples: 16415
[2019-06-24 00:31:36,301 INFO] Step 183150/300000; acc:  79.72; ppl:  2.50; xent: 0.92; lr: 0.00002; 7745/7492 tok/s;   5693 sec
[2019-06-24 00:31:55,807 INFO] Step 183200/300000; acc:  80.30; ppl:  2.45; xent: 0.90; lr: 0.00002; 7922/7501 tok/s;   5712 sec
[2019-06-24 00:32:14,640 INFO] Step 183250/300000; acc:  79.43; ppl:  2.55; xent: 0.94; lr: 0.00002; 6957/6695 tok/s;   5731 sec
[2019-06-24 00:32:18,907 INFO] Loading dataset from ./data/onmt/base-fr-en.tune.train.0.pt
[2019-06-24 00:32:19,036 INFO] number of examples: 16415
[2019-06-24 00:32:34,654 INFO] Step 183300/300000; acc:  79.92; ppl:  2.49; xent: 0.91; lr: 0.00002; 7743/7478 tok/s;   5751 sec
[2019-06-24 00:32:53,998 INFO] Step 183350/300000; acc:  80.40; ppl:  2.44; xent: 0.89; lr: 0.00002; 7882/7454 tok/s;   5770 sec
[2019-06-24 00:33:12,710 INFO] Step 183400/300000; acc:  79.55; ppl:  2.54; xent: 0.93; lr: 0.00002; 6972/6747 tok/s;   5789 sec
[2019-06-24 00:33:16,745 INFO] Loading dataset from ./data/onmt/base-fr-en.tune.train.0.pt
[2019-06-24 00:33:16,888 INFO] number of examples: 16415
[2019-06-24 00:33:32,979 INFO] Step 183450/300000; acc:  79.98; ppl:  2.48; xent: 0.91; lr: 0.00002; 7785/7473 tok/s;   5809 sec
[2019-06-24 00:33:52,194 INFO] Step 183500/300000; acc:  80.55; ppl:  2.43; xent: 0.89; lr: 0.00002; 7824/7436 tok/s;   5828 sec
[2019-06-24 00:34:10,820 INFO] Step 183550/300000; acc:  79.66; ppl:  2.52; xent: 0.92; lr: 0.00002; 7066/6847 tok/s;   5847 sec
[2019-06-24 00:34:14,514 INFO] Loading dataset from ./data/onmt/base-fr-en.tune.train.0.pt
[2019-06-24 00:34:14,649 INFO] number of examples: 16415
[2019-06-24 00:34:31,072 INFO] Step 183600/300000; acc:  79.96; ppl:  2.47; xent: 0.91; lr: 0.00002; 7739/7426 tok/s;   5867 sec
[2019-06-24 00:34:50,432 INFO] Step 183650/300000; acc:  80.66; ppl:  2.41; xent: 0.88; lr: 0.00002; 7821/7396 tok/s;   5887 sec
[2019-06-24 00:35:09,021 INFO] Step 183700/300000; acc:  79.79; ppl:  2.50; xent: 0.92; lr: 0.00002; 7135/6917 tok/s;   5905 sec
[2019-06-24 00:35:12,284 INFO] Loading dataset from ./data/onmt/base-fr-en.tune.train.0.pt
[2019-06-24 00:35:12,472 INFO] number of examples: 16415
[2019-06-24 00:35:29,153 INFO] Step 183750/300000; acc:  80.05; ppl:  2.47; xent: 0.91; lr: 0.00002; 7769/7475 tok/s;   5925 sec
[2019-06-24 00:35:48,727 INFO] Step 183800/300000; acc:  80.81; ppl:  2.40; xent: 0.88; lr: 0.00002; 7728/7294 tok/s;   5945 sec
[2019-06-24 00:36:07,278 INFO] Step 183850/300000; acc:  80.11; ppl:  2.48; xent: 0.91; lr: 0.00002; 7175/6961 tok/s;   5964 sec
[2019-06-24 00:36:10,071 INFO] Loading dataset from ./data/onmt/base-fr-en.tune.train.0.pt
[2019-06-24 00:36:10,215 INFO] number of examples: 16415
[2019-06-24 00:36:27,314 INFO] Step 183900/300000; acc:  80.13; ppl:  2.46; xent: 0.90; lr: 0.00002; 7801/7517 tok/s;   5984 sec
[2019-06-24 00:36:46,924 INFO] Step 183950/300000; acc:  80.84; ppl:  2.40; xent: 0.87; lr: 0.00002; 7605/7155 tok/s;   6003 sec
[2019-06-24 00:37:05,315 INFO] Step 184000/300000; acc:  80.10; ppl:  2.47; xent: 0.90; lr: 0.00002; 7345/7120 tok/s;   6022 sec
[2019-06-24 00:37:05,315 INFO] Loading dataset from ./data/onmt/base-fr-en.tune.valid.0.pt
[2019-06-24 00:37:05,324 INFO] number of examples: 886
[2019-06-24 00:37:49,404 INFO] Validation perplexity: 16.8978
[2019-06-24 00:37:49,404 INFO] Validation accuracy: 51.9188
[2019-06-24 00:37:49,404 INFO] Decreasing patience: 0/5
[2019-06-24 00:37:49,404 INFO] Training finished after not improving. Early Stop!
[2019-06-24 00:37:49,404 INFO] Best model found at step 179000
[2019-06-24 00:37:49,470 INFO] Saving checkpoint models/base-fr-en.tune_step_184000.pt
