[2019-06-17:16:41:28:INFO:sockeye.utils:log_sockeye_version] Sockeye version 1.18.90, commit c3a52148ec3a7b4eec718d5d6451bd6ca9052974, path /home/nick/anaconda3/lib/python3.6/site-packages/sockeye/__init__.py
[2019-06-17:16:41:28:INFO:sockeye.utils:log_mxnet_version] MXNet version 1.4.1, path /home/nick/anaconda3/lib/python3.6/site-packages/mxnet/__init__.py
[2019-06-17:16:41:28:INFO:sockeye.utils:log_basic_info] Command: /home/nick/anaconda3/lib/python3.6/site-packages/sockeye/translate.py -m models-tune -i ./data/test.bpe.16k.news2014.fr -o result/news2014.pred.txt -b 12 -q --batch-size 30 --seed 13
[2019-06-17:16:41:28:INFO:sockeye.utils:log_basic_info] Arguments: Namespace(avoid_list=None, batch_size=30, beam_prune=0, beam_search_stop='all', beam_size=12, bucket_width=10, checkpoints=None, chunk_size=None, config=None, device_ids=[-1], disable_device_locking=False, ensemble_mode='linear', input='./data/test.bpe.16k.news2014.fr', input_factors=None, json_input=False, length_penalty_alpha=1.0, length_penalty_beta=0.0, lock_dir='/tmp', loglevel='INFO', max_input_len=None, max_output_length_num_stds=2, models=['models-tune'], nbest_size=1, output='result/news2014.pred.txt', output_type='translation', override_dtype=None, quiet=True, restrict_lexicon=None, restrict_lexicon_topk=None, sample=None, seed=13, skip_topk=False, softmax_temperature=None, strip_unknown_words=False, sure_align_threshold=0.9, use_cpu=False)
[2019-06-17:16:41:28:INFO:sockeye.utils:acquire_gpus] Attempting to acquire 1 GPUs of 1 GPUs. The requested devices are: [-1]
[2019-06-17:16:41:28:INFO:sockeye.utils:__enter__] Acquired GPU master_lock.
[2019-06-17:16:41:28:INFO:sockeye.utils:__enter__] Acquired GPU 0.
[2019-06-17:16:41:28:INFO:sockeye.utils:__exit__] Releasing GPU master_lock.
[2019-06-17:16:41:28:INFO:__main__:run_translate] Translate Device: gpu(0)
[2019-06-17:16:41:28:INFO:sockeye.inference:load_models] Loading 1 model(s) from ['models-tune'] ...
[2019-06-17:16:41:28:INFO:sockeye.vocab:vocab_from_json] Vocabulary (16004 words) loaded from "models-tune/vocab.src.0.json"
[2019-06-17:16:41:28:INFO:sockeye.vocab:vocab_from_json] Vocabulary (16004 words) loaded from "models-tune/vocab.trg.0.json"
[2019-06-17:16:41:28:INFO:sockeye.inference:load_models] Model version: 1.18.90
[2019-06-17:16:41:28:INFO:sockeye.model:load_config] ModelConfig loaded from "models-tune/config"
[2019-06-17:16:41:28:INFO:sockeye.inference:load_models] Disabling dropout layers for performance reasons
[2019-06-17:16:41:28:INFO:sockeye.model:__init__] Config[_frozen=True, config_data=Config[_frozen=True, data_statistics=Config[_frozen=True, average_len_target_per_bucket=[6.808453718566072, 14.10096949633481, 22.72933095904348, 31.58058802692168, 40.380733944954095, 50.00189753320679, 58.033755274261566, 63.51851851851851], buckets=[(10, 10), (20, 20), (30, 30), (40, 40), (50, 50), (60, 60), (70, 70), (71, 71)], length_ratio_mean=0.9596909361785219, length_ratio_stats_per_bucket=[(0.9731273408239691, 0.2171156548121093), (0.9547957645527918, 0.2703735147873541), (0.9562141705340116, 0.43961234960138695), (0.956569822733093, 0.4985284970993634), (0.9581836023287873, 0.7602248479282558), (0.9811920972903289, 0.7365264914250489), (0.9599225170774199, 1.2515126020036544), (0.9202283793425132, 0.17947107324440745)], length_ratio_std=0.5267562684638087, max_observed_len_source=71, max_observed_len_target=71, num_discarded=2746, num_sents=16415, num_sents_per_bucket=[1869, 4229, 3931, 2823, 1744, 1054, 711, 54], num_tokens_source=453261, num_tokens_target=418677, num_unks_source=1822, num_unks_target=883, size_vocab_source=16004, size_vocab_target=16004], max_seq_len_source=71, max_seq_len_target=71, num_source_factors=1, source_with_eos=True], config_decoder=Config[_frozen=True, attention_config=Config[_frozen=True, config_coverage=None, dtype=float32, input_previous_word=False, is_scaled=False, layer_normalization=True, num_heads=None, num_hidden=512, query_num_hidden=512, source_num_hidden=512, type=mlp], attention_in_upper_layers=False, context_gating=False, dtype=float32, enc_last_hidden_concat_to_embedding=False, hidden_dropout=0.0, layer_normalization=True, max_seq_len_source=71, rnn_config=Config[_frozen=True, cell_type=lnlstm, dropout_inputs=0.0, dropout_recurrent=0.0, dropout_states=0.0, dtype=float32, first_residual_layer=2, forget_bias=0.0, lhuc=False, num_hidden=512, num_layers=2, residual=True], state_init=last, state_init_lhuc=False], config_embed_source=Config[_frozen=True, dropout=0.0, dtype=float32, factor_configs=None, num_embed=512, num_factors=1, source_factors_combine=concat, vocab_size=16004], config_embed_target=Config[_frozen=True, dropout=0.0, dtype=float32, factor_configs=None, num_embed=512, num_factors=1, source_factors_combine=concat, vocab_size=16004], config_encoder=Config[_frozen=True, conv_config=None, dtype=float32, reverse_input=False, rnn_config=Config[_frozen=True, cell_type=lnlstm, dropout_inputs=0.0, dropout_recurrent=0.0, dropout_states=0.0, dtype=float32, first_residual_layer=2, forget_bias=0.0, lhuc=False, num_hidden=512, num_layers=4, residual=True]], config_loss=Config[_frozen=True, label_smoothing=0.1, name=cross-entropy, normalization_type=valid, vocab_size=16004], lhuc=False, vocab_source_size=16004, vocab_target_size=16004, weight_normalization=False, weight_tying=False, weight_tying_type=None]
[2019-06-17:16:41:28:INFO:sockeye.encoder:__init__] sockeye.encoder.EncoderSequence dtype: float32
[2019-06-17:16:41:28:INFO:sockeye.encoder:__init__] sockeye.encoder.ConvertLayout dtype: float32
[2019-06-17:16:41:28:INFO:sockeye.encoder:__init__] sockeye.encoder.BiDirectionalRNNEncoder dtype: float32
[2019-06-17:16:41:28:INFO:sockeye.encoder:__init__] sockeye.encoder.RecurrentEncoder dtype: float32
[2019-06-17:16:41:28:INFO:sockeye.encoder:__init__] sockeye.encoder.RecurrentEncoder dtype: float32
[2019-06-17:16:41:28:INFO:sockeye.encoder:__init__] sockeye.encoder.RecurrentEncoder dtype: float32
[2019-06-17:16:41:28:INFO:sockeye.encoder:__init__] sockeye.encoder.ConvertLayout dtype: float32
[2019-06-17:16:41:28:INFO:sockeye.decoder:__init__] sockeye.decoder.RecurrentDecoder dtype: float32
[2019-06-17:16:41:28:INFO:sockeye.encoder:__init__] sockeye.encoder.Embedding dtype: float32
[2019-06-17:16:41:28:INFO:sockeye.encoder:__init__] sockeye.encoder.Embedding dtype: float32
[2019-06-17:16:41:30:INFO:sockeye.model:load_params_from_file] Loaded params from "models-tune/params.best"
[2019-06-17:16:41:30:INFO:sockeye.inference:load_models] 1 model(s) loaded in 2.0614s
[2019-06-17:16:41:30:INFO:sockeye.inference:__init__] Translator (1 model(s) beam_size=12 beam_prune=off beam_search_stop=all nbest_size=1 ensemble_mode=None max_batch_size=30 buckets_source=[10, 20, 30, 40, 50, 60, 70, 71] avoiding=0)
[2019-06-17:16:41:30:INFO:__main__:read_and_translate] Translating...
[2019-06-17:16:42:38:INFO:__main__:read_and_translate] Processed 3003 lines. Total time: 67.9885, sec/sent: 0.0226, sent/sec: 44.1692
[2019-06-17:16:42:38:INFO:sockeye.utils:__exit__] Releasing GPU 0.
