[2019-06-17:15:00:34:INFO:sockeye.utils:log_sockeye_version] Sockeye version 1.18.90, commit c3a52148ec3a7b4eec718d5d6451bd6ca9052974, path /home/nick/anaconda3/lib/python3.6/site-packages/sockeye/__init__.py
[2019-06-17:15:00:34:INFO:sockeye.utils:log_mxnet_version] MXNet version 1.4.1, path /home/nick/anaconda3/lib/python3.6/site-packages/mxnet/__init__.py
[2019-06-17:15:00:34:INFO:sockeye.utils:log_basic_info] Command: /home/nick/anaconda3/lib/python3.6/site-packages/sockeye/translate.py -m models -i ./data/test.bpe.16k.fr -o result/MTNT.pred.txt -b 12 -q --batch-size 30 --seed 13
[2019-06-17:15:00:34:INFO:sockeye.utils:log_basic_info] Arguments: Namespace(avoid_list=None, batch_size=30, beam_prune=0, beam_search_stop='all', beam_size=12, bucket_width=10, checkpoints=None, chunk_size=None, config=None, device_ids=[-1], disable_device_locking=False, ensemble_mode='linear', input='./data/test.bpe.16k.fr', input_factors=None, json_input=False, length_penalty_alpha=1.0, length_penalty_beta=0.0, lock_dir='/tmp', loglevel='INFO', max_input_len=None, max_output_length_num_stds=2, models=['models'], nbest_size=1, output='result/MTNT.pred.txt', output_type='translation', override_dtype=None, quiet=True, restrict_lexicon=None, restrict_lexicon_topk=None, sample=None, seed=13, skip_topk=False, softmax_temperature=None, strip_unknown_words=False, sure_align_threshold=0.9, use_cpu=False)
[2019-06-17:15:00:34:INFO:sockeye.utils:acquire_gpus] Attempting to acquire 1 GPUs of 1 GPUs. The requested devices are: [-1]
[2019-06-17:15:00:34:INFO:sockeye.utils:__enter__] Acquired GPU master_lock.
[2019-06-17:15:00:34:INFO:sockeye.utils:__enter__] Acquired GPU 0.
[2019-06-17:15:00:34:INFO:sockeye.utils:__exit__] Releasing GPU master_lock.
[2019-06-17:15:00:34:INFO:__main__:run_translate] Translate Device: gpu(0)
[2019-06-17:15:00:34:INFO:sockeye.inference:load_models] Loading 1 model(s) from ['models'] ...
[2019-06-17:15:00:34:INFO:sockeye.vocab:vocab_from_json] Vocabulary (16004 words) loaded from "models/vocab.src.0.json"
[2019-06-17:15:00:34:INFO:sockeye.vocab:vocab_from_json] Vocabulary (16004 words) loaded from "models/vocab.trg.0.json"
[2019-06-17:15:00:34:INFO:sockeye.inference:load_models] Model version: 1.18.90
[2019-06-17:15:00:34:INFO:sockeye.model:load_config] ModelConfig loaded from "models/config"
[2019-06-17:15:00:34:INFO:sockeye.inference:load_models] Disabling dropout layers for performance reasons
[2019-06-17:15:00:34:INFO:sockeye.model:__init__] Config[_frozen=True, config_data=Config[_frozen=True, data_statistics=Config[_frozen=True, average_len_target_per_bucket=[6.77797245819019, 13.531252537031019, 21.594674319274084, 29.78898037067823, 38.04750686444981, 46.38485929664651, 54.75664822503244, 64.55041893998435], buckets=[(10, 9), (20, 18), (30, 27), (40, 36), (50, 45), (60, 54), (70, 63), (71, 71)], length_ratio_mean=0.9107157267373276, length_ratio_stats_per_bucket=[(0.9631699424067878, 0.1944659932735025), (0.9313877311006793, 0.18805855670691163), (0.9099449993988565, 0.16579628008777297), (0.9002212646270105, 0.15421994504054937), (0.8944151809320325, 0.15896368632289876), (0.8919859876476468, 0.1603303892767154), (0.8918240201541248, 0.1691695747652084), (0.9997380840931842, 0.28667978244670345)], length_ratio_std=0.17095890692143395, max_observed_len_source=71, max_observed_len_target=71, num_discarded=101655, num_sents=2100284, num_sents_per_bucket=[101591, 406479, 524440, 452792, 307745, 183862, 102847, 20528], num_tokens_source=65260187, num_tokens_target=58196065, num_unks_source=859, num_unks_target=1039, size_vocab_source=16004, size_vocab_target=16004], max_seq_len_source=71, max_seq_len_target=71, num_source_factors=1, source_with_eos=True], config_decoder=Config[_frozen=True, attention_config=Config[_frozen=True, config_coverage=None, dtype=float32, input_previous_word=False, is_scaled=False, layer_normalization=False, num_heads=None, num_hidden=512, query_num_hidden=512, source_num_hidden=512, type=mlp], attention_in_upper_layers=False, context_gating=False, dtype=float32, enc_last_hidden_concat_to_embedding=False, hidden_dropout=0.0, layer_normalization=False, max_seq_len_source=71, rnn_config=Config[_frozen=True, cell_type=lnlstm, dropout_inputs=0.0, dropout_recurrent=0.0, dropout_states=0.0, dtype=float32, first_residual_layer=2, forget_bias=0.0, lhuc=False, num_hidden=512, num_layers=2, residual=False], state_init=last, state_init_lhuc=False], config_embed_source=Config[_frozen=True, dropout=0.0, dtype=float32, factor_configs=None, num_embed=512, num_factors=1, source_factors_combine=concat, vocab_size=16004], config_embed_target=Config[_frozen=True, dropout=0.0, dtype=float32, factor_configs=None, num_embed=512, num_factors=1, source_factors_combine=concat, vocab_size=16004], config_encoder=Config[_frozen=True, conv_config=None, dtype=float32, reverse_input=False, rnn_config=Config[_frozen=True, cell_type=lnlstm, dropout_inputs=0.0, dropout_recurrent=0.0, dropout_states=0.0, dtype=float32, first_residual_layer=2, forget_bias=0.0, lhuc=False, num_hidden=512, num_layers=2, residual=False]], config_loss=Config[_frozen=True, label_smoothing=0.1, name=cross-entropy, normalization_type=valid, vocab_size=16004], lhuc=False, vocab_source_size=16004, vocab_target_size=16004, weight_normalization=False, weight_tying=False, weight_tying_type=None]
[2019-06-17:15:00:34:INFO:sockeye.encoder:__init__] sockeye.encoder.EncoderSequence dtype: float32
[2019-06-17:15:00:34:INFO:sockeye.encoder:__init__] sockeye.encoder.ConvertLayout dtype: float32
[2019-06-17:15:00:34:INFO:sockeye.encoder:__init__] sockeye.encoder.BiDirectionalRNNEncoder dtype: float32
[2019-06-17:15:00:34:INFO:sockeye.encoder:__init__] sockeye.encoder.RecurrentEncoder dtype: float32
[2019-06-17:15:00:34:INFO:sockeye.encoder:__init__] sockeye.encoder.RecurrentEncoder dtype: float32
[2019-06-17:15:00:34:INFO:sockeye.encoder:__init__] sockeye.encoder.RecurrentEncoder dtype: float32
[2019-06-17:15:00:34:INFO:sockeye.encoder:__init__] sockeye.encoder.ConvertLayout dtype: float32
[2019-06-17:15:00:34:INFO:sockeye.decoder:__init__] sockeye.decoder.RecurrentDecoder dtype: float32
[2019-06-17:15:00:34:INFO:sockeye.encoder:__init__] sockeye.encoder.Embedding dtype: float32
[2019-06-17:15:00:34:INFO:sockeye.encoder:__init__] sockeye.encoder.Embedding dtype: float32
[2019-06-17:15:00:36:INFO:sockeye.model:load_params_from_file] Loaded params from "models/params.best"
[2019-06-17:15:00:36:INFO:sockeye.inference:load_models] 1 model(s) loaded in 1.8097s
[2019-06-17:15:00:36:INFO:sockeye.inference:__init__] Translator (1 model(s) beam_size=12 beam_prune=off beam_search_stop=all nbest_size=1 ensemble_mode=None max_batch_size=30 buckets_source=[10, 20, 30, 40, 50, 60, 70, 71] avoiding=0)
[2019-06-17:15:00:36:INFO:__main__:read_and_translate] Translating...
[2019-06-17:15:00:55:INFO:__main__:read_and_translate] Processed 1022 lines. Total time: 19.6748, sec/sent: 0.0193, sent/sec: 51.9447
[2019-06-17:15:00:55:INFO:sockeye.utils:__exit__] Releasing GPU 0.
